2022-09-08 13:31:18,064 INFO o.a.j.u.JMeterUtils: Setting Locale to en_EN
2022-09-08 13:31:18,083 INFO o.a.j.JMeter: Loading user properties from: /Users/keilamartinez/Documents/apache-jmeter-5.5/bin/user.properties
2022-09-08 13:31:18,084 INFO o.a.j.JMeter: Loading system properties from: /Users/keilamartinez/Documents/apache-jmeter-5.5/bin/system.properties
2022-09-08 13:31:18,089 INFO o.a.j.JMeter: Copyright (c) 1998-2022 The Apache Software Foundation
2022-09-08 13:31:18,089 INFO o.a.j.JMeter: Version 5.5
2022-09-08 13:31:18,089 INFO o.a.j.JMeter: java.version=18
2022-09-08 13:31:18,089 INFO o.a.j.JMeter: java.vm.name=Java HotSpot(TM) 64-Bit Server VM
2022-09-08 13:31:18,089 INFO o.a.j.JMeter: os.name=Mac OS X
2022-09-08 13:31:18,089 INFO o.a.j.JMeter: os.arch=x86_64
2022-09-08 13:31:18,089 INFO o.a.j.JMeter: os.version=11.6.5
2022-09-08 13:31:18,089 INFO o.a.j.JMeter: file.encoding=UTF-8
2022-09-08 13:31:18,089 INFO o.a.j.JMeter: java.awt.headless=true
2022-09-08 13:31:18,089 INFO o.a.j.JMeter: Max memory     =1073741824
2022-09-08 13:31:18,090 INFO o.a.j.JMeter: Available Processors =16
2022-09-08 13:31:18,097 INFO o.a.j.JMeter: Default Locale=English (EN)
2022-09-08 13:31:18,097 INFO o.a.j.JMeter: JMeter  Locale=English (EN)
2022-09-08 13:31:18,097 INFO o.a.j.JMeter: JMeterHome=/Users/keilamartinez/Documents/apache-jmeter-5.5
2022-09-08 13:31:18,097 INFO o.a.j.JMeter: user.dir  =/Users/keilamartinez/Documents/Performance-RXP-2/Baseline Production
2022-09-08 13:31:18,097 INFO o.a.j.JMeter: PWD       =/Users/keilamartinez/Documents/Performance-RXP-2/Baseline Production
2022-09-08 13:31:18,099 INFO o.a.j.JMeter: IP: 192.168.0.5 Name: CO-C02CH3RDMD6N FullName: 192.168.0.5
2022-09-08 13:31:18,106 INFO o.a.j.JMeter: Setting property 'jmeter.reportgenerator.outputdir' to:'/Users/keilamartinez/Documents/Performance-RXP-2/Baseline Production/TOPIC_PAGES_RESULTS/2022_09_08_01_31_PM_RXPTestPlan'
2022-09-08 13:31:18,108 INFO o.a.j.s.FileServer: Default base='/Users/keilamartinez/Documents/Performance-RXP-2/Baseline Production'
2022-09-08 13:31:18,108 INFO o.a.j.s.FileServer: Set new base='/Users/keilamartinez/Documents/Performance-RXP-2/Baseline Production'
2022-09-08 13:31:18,293 INFO o.a.j.s.SaveService: Testplan (JMX) version: 2.2. Testlog (JTL) version: 2.2
2022-09-08 13:31:18,312 INFO o.a.j.s.SaveService: Using SaveService properties version 5.0
2022-09-08 13:31:18,315 INFO o.a.j.s.SaveService: Using SaveService properties file encoding UTF-8
2022-09-08 13:31:18,318 INFO o.a.j.s.SaveService: Loading file: TOPIC PAGES.jmx
2022-09-08 13:31:18,350 INFO o.a.j.p.h.s.HTTPSamplerBase: Parser for text/html is org.apache.jmeter.protocol.http.parser.LagartoBasedHtmlParser
2022-09-08 13:31:18,351 INFO o.a.j.p.h.s.HTTPSamplerBase: Parser for application/xhtml+xml is org.apache.jmeter.protocol.http.parser.LagartoBasedHtmlParser
2022-09-08 13:31:18,351 INFO o.a.j.p.h.s.HTTPSamplerBase: Parser for application/xml is org.apache.jmeter.protocol.http.parser.LagartoBasedHtmlParser
2022-09-08 13:31:18,351 INFO o.a.j.p.h.s.HTTPSamplerBase: Parser for text/xml is org.apache.jmeter.protocol.http.parser.LagartoBasedHtmlParser
2022-09-08 13:31:18,351 INFO o.a.j.p.h.s.HTTPSamplerBase: Parser for text/vnd.wap.wml is org.apache.jmeter.protocol.http.parser.RegexpHTMLParser
2022-09-08 13:31:18,351 INFO o.a.j.p.h.s.HTTPSamplerBase: Parser for text/css is org.apache.jmeter.protocol.http.parser.CssParser
2022-09-08 13:31:18,657 INFO o.a.j.p.h.c.CookieManager: Settings: Delete null: true Check: true Allow variable: true Save: false Prefix: COOKIE_
2022-09-08 13:31:18,837 INFO o.a.j.e.KeyToolUtils: keytool found at 'keytool'
2022-09-08 13:31:18,838 INFO o.a.j.p.h.p.ProxyControl: HTTP(S) Test Script Recorder SSL Proxy will use keys that support embedded 3rd party resources in file /Users/keilamartinez/Documents/apache-jmeter-5.5/bin/proxyserver.jks
2022-09-08 13:31:18,897 INFO o.a.j.JMeter: Creating summariser <summary>
2022-09-08 13:31:18,901 INFO o.a.j.r.d.ReportGenerator: ReportGenerator will use for Parsing the separator: ','
2022-09-08 13:31:18,901 INFO o.a.j.r.d.ReportGenerator: Will generate report at end of test from  results file: TOPIC_PAGES_RESULTS/TOPIC PAGES 2022_09_08_01_31_PM_testsLog_RXP_BASELINE.log
2022-09-08 13:31:18,901 INFO o.a.j.r.d.ReportGenerator: Reading report generator properties from: /Users/keilamartinez/Documents/apache-jmeter-5.5/bin/reportgenerator.properties
2022-09-08 13:31:18,901 INFO o.a.j.r.d.ReportGenerator: Merging with JMeter properties
2022-09-08 13:31:18,904 INFO o.a.j.r.c.ReportGeneratorConfiguration: Property 'jmeter.reportgenerator.temp_dir' not found, using default value 'temp' instead.
2022-09-08 13:31:18,906 INFO o.a.j.r.c.ReportGeneratorConfiguration: Property 'jmeter.reportgenerator.apdex_per_transaction' not found, using default value 'null' instead.
2022-09-08 13:31:18,907 INFO o.a.j.r.c.ReportGeneratorConfiguration: apdex_per_transaction is empty, not APDEX per transaction customization
2022-09-08 13:31:18,907 INFO o.a.j.r.c.ReportGeneratorConfiguration: Property 'jmeter.reportgenerator.sample_filter' not found, using default value 'null' instead.
2022-09-08 13:31:18,907 INFO o.a.j.r.c.ReportGeneratorConfiguration: Property 'jmeter.reportgenerator.report_title' not found, using default value 'null' instead.
2022-09-08 13:31:18,907 INFO o.a.j.r.c.ReportGeneratorConfiguration: Property 'jmeter.reportgenerator.start_date' not found, using default value 'null' instead.
2022-09-08 13:31:18,907 INFO o.a.j.r.c.ReportGeneratorConfiguration: Property 'jmeter.reportgenerator.end_date' not found, using default value 'null' instead.
2022-09-08 13:31:18,907 INFO o.a.j.r.c.ReportGeneratorConfiguration: Property 'jmeter.reportgenerator.date_format' not found, using default value 'null' instead.
2022-09-08 13:31:18,907 INFO o.a.j.r.c.ReportGeneratorConfiguration: Will use date range start date: null, end date: null
2022-09-08 13:31:18,910 INFO o.a.j.r.c.ReportGeneratorConfiguration: Property 'jmeter.reportgenerator.graph.totalTPS.exclude_controllers' not found, using default value 'false' instead.
2022-09-08 13:31:18,910 INFO o.a.j.r.c.ReportGeneratorConfiguration: Property 'jmeter.reportgenerator.graph.activeThreadsOverTime.exclude_controllers' not found, using default value 'false' instead.
2022-09-08 13:31:18,910 INFO o.a.j.r.c.ReportGeneratorConfiguration: Property 'jmeter.reportgenerator.graph.timeVsThreads.exclude_controllers' not found, using default value 'false' instead.
2022-09-08 13:31:18,910 INFO o.a.j.r.c.ReportGeneratorConfiguration: Property 'jmeter.reportgenerator.graph.responseTimeDistribution.exclude_controllers' not found, using default value 'false' instead.
2022-09-08 13:31:18,910 INFO o.a.j.r.c.ReportGeneratorConfiguration: Property 'jmeter.reportgenerator.graph.transactionsPerSecond.exclude_controllers' not found, using default value 'false' instead.
2022-09-08 13:31:18,911 INFO o.a.j.r.c.ReportGeneratorConfiguration: Property 'jmeter.reportgenerator.graph.responseTimePercentiles.exclude_controllers' not found, using default value 'false' instead.
2022-09-08 13:31:18,911 INFO o.a.j.r.c.ReportGeneratorConfiguration: Property 'jmeter.reportgenerator.graph.responseTimePercentilesOverTime.exclude_controllers' not found, using default value 'false' instead.
2022-09-08 13:31:18,911 INFO o.a.j.r.c.ReportGeneratorConfiguration: Property 'jmeter.reportgenerator.graph.responseTimesOverTime.exclude_controllers' not found, using default value 'false' instead.
2022-09-08 13:31:18,911 INFO o.a.j.r.c.ReportGeneratorConfiguration: Property 'jmeter.reportgenerator.graph.connectTimeOverTime.exclude_controllers' not found, using default value 'false' instead.
2022-09-08 13:31:18,911 INFO o.a.j.r.c.ReportGeneratorConfiguration: Property 'jmeter.reportgenerator.graph.latenciesOverTime.exclude_controllers' not found, using default value 'false' instead.
2022-09-08 13:31:18,912 INFO o.a.j.r.c.ReportGeneratorConfiguration: Property 'jmeter.reportgenerator.exporter.json.filters_only_sample_series' not found, using default value 'true' instead.
2022-09-08 13:31:18,912 INFO o.a.j.r.c.ReportGeneratorConfiguration: Property 'jmeter.reportgenerator.exporter.json.series_filter' not found, using default value '' instead.
2022-09-08 13:31:18,912 INFO o.a.j.r.c.ReportGeneratorConfiguration: Property 'jmeter.reportgenerator.exporter.json.show_controllers_only' not found, using default value 'false' instead.
2022-09-08 13:31:18,912 INFO o.a.j.r.c.ReportGeneratorConfiguration: Property 'jmeter.reportgenerator.exporter.html.filters_only_sample_series' not found, using default value 'true' instead.
2022-09-08 13:31:18,912 INFO o.a.j.r.c.ReportGeneratorConfiguration: Property 'jmeter.reportgenerator.exporter.html.series_filter' not found, using default value '' instead.
2022-09-08 13:31:18,912 INFO o.a.j.r.c.ReportGeneratorConfiguration: Property 'jmeter.reportgenerator.exporter.html.show_controllers_only' not found, using default value 'false' instead.
2022-09-08 13:31:18,921 INFO o.a.j.e.StandardJMeterEngine: Running the test!
2022-09-08 13:31:18,921 INFO o.a.j.s.SampleEvent: List of sample_variables: []
2022-09-08 13:31:18,921 INFO o.a.j.s.SampleEvent: List of sample_variables: []
2022-09-08 13:31:18,924 INFO o.a.j.e.u.CompoundVariable: Note: Function class names must contain the string: '.functions.'
2022-09-08 13:31:18,925 INFO o.a.j.e.u.CompoundVariable: Note: Function class names must not contain the string: '.gui.'
2022-09-08 13:31:19,034 INFO o.a.j.JMeter: Running test (1662661879034)
2022-09-08 13:31:19,064 INFO o.a.j.e.StandardJMeterEngine: Starting ThreadGroup: 1 : TOPIC PAGES
2022-09-08 13:31:19,064 INFO o.a.j.e.StandardJMeterEngine: Starting 1 threads for group TOPIC PAGES.
2022-09-08 13:31:19,064 INFO o.a.j.e.StandardJMeterEngine: Thread will continue on error
2022-09-08 13:31:19,064 INFO o.a.j.t.ThreadGroup: Starting thread group... number=1 threads=1 ramp-up=1 delayedStart=false
2022-09-08 13:31:19,093 INFO o.a.j.t.ThreadGroup: Started thread group number 1
2022-09-08 13:31:19,093 INFO o.a.j.e.StandardJMeterEngine: All thread groups have been started
2022-09-08 13:31:19,119 INFO o.a.j.t.JMeterThread: Thread started: TOPIC PAGES 1-1
2022-09-08 13:31:19,138 INFO o.a.j.p.h.s.HTTPHCAbstractImpl: Local host = CO-C02CH3RDMD6N
2022-09-08 13:31:19,143 INFO o.a.j.p.h.s.HTTPHC4Impl: HTTP request retry count = 0
2022-09-08 13:31:19,144 INFO o.a.j.s.SampleResult: Note: Sample TimeStamps are START times
2022-09-08 13:31:19,144 INFO o.a.j.s.SampleResult: sampleresult.default.encoding is set to ISO-8859-1
2022-09-08 13:31:19,144 INFO o.a.j.s.SampleResult: sampleresult.useNanoTime=true
2022-09-08 13:31:19,144 INFO o.a.j.s.SampleResult: sampleresult.nanoThreadSleep=5000
2022-09-08 13:31:19,224 INFO o.a.j.p.h.s.h.LazyLayeredConnectionSocketFactory: Setting up HTTPS TrustAll Socket Factory
2022-09-08 13:31:19,229 INFO o.a.j.u.JsseSSLManager: Using default SSL protocol: TLS
2022-09-08 13:31:19,230 INFO o.a.j.u.JsseSSLManager: SSL session context: per-thread
2022-09-08 13:31:19,316 INFO o.a.j.u.SSLManager: JmeterKeyStore Location:  type JKS
2022-09-08 13:31:19,32022-09-08 13:31:30,007 INFO o.a.j.r.Summariser: summary +    107 in 00:00:30 =    3.6/s Avg:   275 Min:   114 2022-09-08 13:31:30,407 INFO o.a.j.r.Summariser: summary +     35 in 00:00:17 =    2.0/s Avg:   492 Min:   123 Max:  1096 Err:     0 (0.00%) Active: 1 Started: 1 Finished: 0
2022-09-08 13:32:02,238 INFO o.a.j.r.Summariser: summary +     97 in 00:00:32 =    3.0/s Avg:   327 Min:   114 Max:  2400 Err:     0 (0.00%) Active: 1 Started: 1 Finished: 0
2022-09-08 13:32:02,238 INFO o.a.j.r.Summariser: summary =    132 in 00:00:49 =    2.7/s Avg:   371 Min:   114 Max:  2400 Err:     0 (0.00%)
2022-09-08 13:32:30,084 INFO o.a.j.r.Summariser: summary +     84 in 00:00:28 =    3.0/s Avg:   331 Min:   112 Max:  2639 Err:     0 (0.00%) Active: 1 Started: 1 Finished: 0
2022-09-08 13:32:30,084 INFO o.a.j.r.Summariser: summary =    216 in 00:01:17 =    2.8/s Avg:   355 Min:   112 Max:  2639 Err:     0 (0.00%)
2022-09-08 13:33:00,290 INFO o.a.j.r.Summariser: summary +     98 in 00:00:30 =    3.2/s Avg:   307 Min:   116 Max:  2653 Err:     0 (0.00%) Active: 1 Started: 1 Finished: 0
2022-09-08 13:33:00,290 INFO o.a.j.r.Summariser: summary =    314 in 00:01:47 =    2.9/s Avg:   340 Min:   112 Max:  2653 Err:     0 (0.00%)
2022-09-08 13:33:30,224 INFO o.a.j2022-09-08 13:33:30,241 INFO o.a.j.r.Summariser: summary +     50 in 00:00:30 =    1.7/s Avg:   604 Min:   122 Max:  2028 Err:     0 (0.00%) Active: 1 Started: 1 Finished: 0
2022-09-08 13:33:30,242 INFO o.a.j.r.Summariser: summary =    344 in 00:02:11 =    2.6/s Avg:   380 Min:   2022-09-08 13:34:00,589 INFO o.a.j.r.Summariser: summary +     98 in 00:00:30 =    3.2/s Avg:   309 Min:   112 Max:  1207 Err:     0 (0.00%) Active: 1 Started: 1 Finished: 0
2022-09-08 13:34:00,589 INFO o.a.j.r.Summariser: summary =    485 in 00:02:48 =    2.9/s Avg:   344 Min:   112 Max:  2653 Err:     0 (0.00%)
2022-09-08 13:34:30,405 INFO o.a.j2022-09-08 13:34:30,459 INFO o.a.j.r.Summariser: summary +     32 in 00:00:30 =    1.1/s Avg:   949 Min:   115 Max: 10028 Err:     0 (0.00%) Active: 1 Started: 1 Finished: 0
2022-09-08 13:34:30,459 INFO o.a.j.r.Summariser: summary =    550 in 00:03:11 =    2.9/s Avg:   347 Min:   2022-09-08 13:35:00,226 INFO o.a.j.r.Summariser: summary +    111 in 00:00:30 =    3.7/s Avg:   268 Min:   112 Max:   984 Err:     0 (0.00%) Active: 1 Started: 1 Finished: 0
2022-09-08 13:35:00,226 INFO o.a.j.r.Summariser: summary =    726 in 00:03:47 =    3.2/s Avg:   312 Min:   112 Max:  2653 Err:     0 (0.00%)
2022-09-08 13:35:35,227 INFO o.a.j.r.Summariser: summary +     52 in 00:00:35 =    1.5/s Avg:   672 Min:   108 Max: 10244 Err:     0 (0.00%) Active: 1 Started: 1 Finished: 0
2022-09-08 13:35:35,227 INFO o.a.j.r.Summariser: summary =    778 in 00:04:22 =    3.0/s Avg:   336 Min:   108 Max: 10244 Err:     0 (0.00%)
2022-09-08 13:36:00,157 INFO o.a.j.r.Summariser: summary +     63 in 00:00:25 =    2.5/s Avg:   395 Min:   107 Max:  1902 Err:     0 (0.00%) Active: 1 Started: 1 Finished: 0
2022-09-08 13:36:00,158 INFO o.a.j.r.Summariser: summary =    841 in 00:04:47 =    2.9/s Avg:   340 Min:   107 Max: 10244 Err:     0 (0.00%)
2022-09-08 13:36:30,085 INFO o.a.j.r.Summariser: summary +     79 in 00:00:30 =    2.6/s Avg:   378 Min:   107 Max:  2352 Err:     0 (0.00%) Active: 1 Started: 1 Finished: 0
2022-09-08 13:36:30,087 INFO o.a.j.r.Summariser: summary =    920 in 00:05:17 =    2.9/s Avg:   344 Min:   107 Max: 10244 Err:     0 (0.00%)
2022-09-08 13:37:00,117 INFO o.a.j.r.Summariser: summary +     92 in 00:00:30 =    3.1/s Avg:   326 Min:   112 Max:  2551 Err:     0 (0.00%) Active: 1 Started: 1 Finished: 0
2022-09-08 13:37:00,118 INFO o.a.j.r.Summariser: summary =   1012 in 00:05:47 =    2.9/s Avg:   342 Min:   107 Max: 10244 Err:     0 (0.00%)
2022-09-08 13:37:30,356 INFO o.a.j.r.Summariser: summary +     86 in 00:00:30 =    2.8/s Avg:   351 Min:   110 Max:  1254 Err:     0 (0.00%) Active: 1 Started: 1 Finished: 0
2022-09-08 13:37:30,356 INFO o.a.j.r.Summariser: summary =   1098 in 00:06:17 =    2.9/s Avg:   343 Min:   107 Max: 10244 Err:     0 (0.00%)
2022-09-08 13:38:00,099 INFO o.a.j.r.Summariser: summary +     72 in 00:00:30 =    2.4/s Avg:   412 Min:   114 Max:  1936 Err:     0 (0.00%) Active: 1 Started: 1 Finished: 0
2022-09-08 13:38:00,099 INFO o.a.j.r.Summariser: summary =   1170 in 00:06:47 =    2.9/s Avg:   347 Min:   107 Max: 10244 Err:     0 (0.00%)
2022-09-08 13:38:30,844 INFO o.a.j.r.Summariser: summary +     86 in 00:00:31 =    2.8/s Avg:   357 Min:   113 Max:  1548 Err:     0 (0.00%) Active: 1 Started: 1 Finished: 0
2022-09-08 13:38:30,846 INFO o.a.j.r.Summariser: summary =   1256 in 00:07:18 =    2.9/s Avg:   348 Min:   107 Max: 10244 Err:     0 (0.00%)
2022-09-08 13:38:35,163 INFO o.a.j.t.JMeterThread: Thread is done: TOOLS 1-1
2022-09-08 13:38:35,163 INFO o.a.j.t.JMeterThread: Thread finished: TOOLS 1-1
2022-09-08 13:38:35,167 INFO o.a.j.e.StandardJMeterEngine: Notifying test listeners of end of test
2022-09-08 13:38:35,168 INFO o.a.j.r.Summariser: summary +     16 in 00:00:04 =    3.7/s Avg:   269 Min:   129 Max:   708 Err:     0 (0.00%) Active: 0 Started: 1 Finished: 1
2022-09-08 13:38:35,168 INFO o.a.j.r.Summariser: summary =   1272 in 00:07:22 =    2.9/s Avg:   347 Min:   107 Max: 10244 Err:     0 (0.00%)
2022-09-08 13:38:35,168 INFO o.a.j.JMeter: Generating Dashboard
2022-09-08 13:38:35,168 INFO o.a.j.r.d.ReportGenerator: Flushing result collector before report Generation
2022-09-08 13:38:35,185 INFO o.a.j.r.p.NormalizerSampleConsumer: Using format, 'ms', to parse timeStamp field
2022-09-08 13:38:35,355 INFO o.a.j.r.p.AbstractSampleConsumer: class org.apache.jmeter.report.processor.AggregateConsumer#stopProducing(): beginDate produced 0 samples
2022-09-08 13:38:35,355 INFO o.a.j.r.p.AbstractSampleConsumer: class org.apache.jmeter.report.processor.AggregateConsumer#stopProducing(): endDate produced 0 samples
2022-09-08 13:38:35,362 INFO o.a.j.r.p.AbstractSampleConsumer: class org.apache.jmeter.report.processor.ApdexSummaryConsumer#stopProducing(): apdexSummary produced 0 samples
2022-09-08 13:38:35,362 INFO o.a.j.r.p.AbstractSampleConsumer: class org.apache.jmeter.report.processor.RequestsSummaryConsumer#stopProducing(): requestsSummary produced 0 samples
2022-09-08 13:38:35,372 INFO o.a.j.r.p.AbstractSampleConsumer: class org.apache.jmeter.report.processor.StatisticsSummaryConsumer#stopProducing(): statisticsSummary produced 0 samples
2022-09-08 13:38:35,376 INFO o.a.j.r.p.AbstractSampleConsumer: class org.apache.jmeter.report.processor.Top5ErrorsBySamplerConsumer#stopProducing(): top5ErrorsBySampler produced 0 samples
2022-09-08 13:38:35,376 INFO o.a.j.r.p.AbstractSampleConsumer: class org.apache.jmeter.report.processor.ErrorsSummaryConsumer#stopProducing(): errorsSummary produced 0 samples
2022-09-08 13:38:35,376 INFO o.a.j.r.p.AbstractSampleConsumer: class org.apache.jmeter.report.processor.graph.impl.HitsPerSecondGraphConsumer#stopProducing(): hitsPerSecond produced 0 samples
2022-09-08 13:38:35,426 INFO o.a.j.r.p.AbstractSampleConsumer: class org.apache.jmeter.report.processor.graph.impl.LatencyVSRequestGraphConsumer#stopProducing(): latencyVsRequest produced 0 samples
2022-09-08 13:38:35,426 INFO o.a.j.r.p.AbstractSampleConsumer: class org.apache.jmeter.report.processor.graph.impl.SyntheticResponseTimeDistributionGraphConsumer#stopProducing(): syntheticResponseTimeDistribution produced 0 samples
2022-09-08 13:38:35,427 INFO o.a.j.r.p.AbstractSampleConsumer: class org.apache.jmeter.report.processor.graph.impl.BytesThroughputGraphConsumer#stopProducing(): bytesThroughputOverTime produced 0 samples
2022-09-08 13:38:35,427 INFO o.a.j.r.p.AbstractSampleConsumer: class org.apache.jmeter.report.processor.graph.impl.CodesPerSecondGraphConsumer#stopProducing(): codesPerSecond produced 0 samples
2022-09-08 13:38:35,457 INFO o.a.j.r.p.AbstractSampleConsumer: class org.apache.jmeter.report.processor.graph.impl.ResponseTimeVSRequestGraphConsumer#stopProducing(): responseTimeVsRequest produced 0 samples
2022-09-08 13:38:35,457 INFO o.a.j.r.p.AbstractSampleConsumer: class org.apache.jmeter.report.processor.FilterConsumer#stopProducing(): startIntervalControlerFilter produced 8904 samples
2022-09-08 13:38:35,457 INFO o.a.j.r.p.AbstractSampleConsumer: class org.apache.jmeter.report.processor.graph.impl.TotalTPSGraphConsumer#stopProducing(): totalTPS produced 0 samples
2022-09-08 13:38:35,458 INFO o.a.j.r.p.AbstractSampleConsumer: class org.apache.jmeter.report.processor.graph.impl.ActiveThreadsGraphConsumer#stopProducing(): activeThreadsOverTime produced 0 samples
2022-09-08 13:38:35,458 INFO o.a.j.r.p.AbstractSampleConsumer: class org.apache.jmeter.report.processor.graph.impl.TimeVSThreadGraphConsumer#stopProducing(): timeVsThreads produced 0 samples
2022-09-08 13:38:35,647 INFO o.a.j.r.p.AbstractSampleConsumer: class org.apache.jmeter.report.processor.graph.impl.ResponseTimeDistributionGraphConsumer#stopProducing(): responseTimeDistribution produced 0 samples
2022-09-08 13:38:35,687 INFO o.a.j.r.p.AbstractSampleConsumer: class org.apache.jmeter.report.processor.graph.impl.TransactionsPerSecondGraphConsumer#stopProducing(): transactionsPerSecond produced 0 samples
2022-09-08 13:38:35,727 INFO o.a.j.r.p.AbstractSampleConsumer: class org.apache.jmeter.report.processor.graph.impl.ResponseTimePercentilesGraphConsumer#stopProducing(): responseTimePercentiles produced 0 samples
2022-09-08 13:38:35,943 INFO o.a.j.r.p.AbstractSampleConsumer: class org.apache.jmeter.report.processor.graph.impl.ResponseTimePercentilesOverTimeGraphConsumer#stopProducing(): responseTimePercentilesOverTime produced 0 samples
2022-09-08 13:38:35,945 INFO o.a.j.r.p.AbstractSampleConsumer: class org.apache.jmeter.report.processor.graph.impl.ResponseTimeOverTimeGraphConsumer#stopProducing(): responseTimesOverTime produced 0 samples
2022-09-08 13:38:35,982 INFO o.a.j.r.p.AbstractSampleConsumer: class org.apache.jmeter.report.processor.graph.impl.ConnectTimeOverTimeGraphConsumer#stopProducing(): connectTimeOverTime produced 0 samples
2022-09-08 13:38:36,028 INFO o.a.j.r.p.AbstractSampleConsumer: class org.apache.jmeter.report.processor.graph.impl.LatencyOverTimeGraphConsumer#stopProducing(): latenciesOverTime produced 0 samples
2022-09-08 13:38:36,070 INFO o.a.j.r.p.AbstractSampleConsumer: class org.apache.jmeter.report.processor.FilterConsumer#stopProducing(): nameFilter produced 19080 samples
2022-09-08 13:38:36,071 INFO o.a.j.r.p.AbstractSampleConsumer: class org.apache.jmeter.report.processor.FilterConsumer#stopProducing(): dateRangeFilter produced 3816 samples
2022-09-08 13:38:36,071 INFO o.a.j.r.p.AbstractSampleConsumer: class org.apache.jmeter.report.processor.NormalizerSampleConsumer#stopProducing(): normalizer produced 1272 samples
2022-09-08 13:38:36,071 INFO o.a.j.r.p.CsvFileSampleSource: produce(): 1272 samples produced in 866ms on channel 0
2022-09-08 13:38:36,071 INFO o.a.j.r.d.ReportGenerator: Exporting data using exporter:'json' of className:'org.apache.jmeter.report.dashboard.JsonExporter'
2022-09-08 13:38:36,269 INFO o.a.j.r.d.JsonExporter: Found data for consumer statisticsSummary in context
2022-09-08 13:38:36,269 INFO o.a.j.r.d.JsonExporter: Creating statistics for overall
2022-09-08 13:38:36,270 INFO o.a.j.r.d.JsonExporter: Creating statistics for other transactions
2022-09-08 13:38:36,274 INFO o.a.j.r.d.JsonExporter: Checking output folder
2022-09-08 13:38:36,274 INFO o.a.j.r.d.JsonExporter: Writing statistics JSON to /Users/keilamartinez/Documents/Performance-RXP-2/Baseline Production/TOOLS_RESULTS/2022_09_08_01_31_PM_RXPTestPlan/statistics.json
2022-09-08 13:38:36,336 INFO o.a.j.r.d.ReportGenerator: Exporting data using exporter:'html' of className:'org.apache.jmeter.report.dashboard.HtmlTemplateExporter'
2022-09-08 13:38:36,338 INFO o.a.j.r.d.HtmlTemplateExporter: Will generate dashboard in folder: /Users/keilamartinez/Documents/Performance-RXP-2/Baseline Production/TOOLS_RESULTS/2022_09_08_01_31_PM_RXPTestPlan
2022-09-08 13:38:36,980 INFO o.a.j.r.d.HtmlTemplateExporter: Report will be generated in: /Users/keilamartinez/Documents/Performance-RXP-2/Baseline Production/TOOLS_RESULTS/2022_09_08_01_31_PM_RXPTestPlan, creating folder structure
2022-09-08 13:38:36,983 INFO o.a.j.r.d.TemplateVisitor: Copying folder from '/Users/keilamartinez/Documents/apache-jmeter-5.5/bin/report-template' to '/Users/keilamartinez/Documents/Performance-RXP-2/Baseline Production/TOOLS_RESULTS/2022_09_08_01_31_PM_RXPTestPlan', got message: /Users/keilamartinez/Documents/Performance-RXP-2/Baseline Production/TOOLS_RESULTS/2022_09_08_01_31_PM_RXPTestPlan, found non empty folder with following content [/Users/keilamartinez/Documents/Performance-RXP-2/Baseline Production/TOOLS_RESULTS/2022_09_08_01_31_PM_RXPTestPlan/statistics.json], will be ignored
2022-09-08 13:38:37,197 INFO o.a.j.JMeter: Dashboard generated
