2022-08-03 11:48:22,085 INFO o.a.j.u.JMeterUtils: Setting Locale to en_EN
2022-08-03 11:48:22,128 INFO o.a.j.JMeter: Loading user properties from: /Users/keilamartinez/Documents/apache-jmeter-5.5/bin/user.properties
2022-08-03 11:48:22,129 INFO o.a.j.JMeter: Loading system properties from: /Users/keilamartinez/Documents/apache-jmeter-5.5/bin/system.properties
2022-08-03 11:48:22,135 INFO o.a.j.JMeter: Copyright (c) 1998-2022 The Apache Software Foundation
2022-08-03 11:48:22,135 INFO o.a.j.JMeter: Version 5.5
2022-08-03 11:48:22,135 INFO o.a.j.JMeter: java.version=18
2022-08-03 11:48:22,135 INFO o.a.j.JMeter: java.vm.name=Java HotSpot(TM) 64-Bit Server VM
2022-08-03 11:48:22,135 INFO o.a.j.JMeter: os.name=Mac OS X
2022-08-03 11:48:22,135 INFO o.a.j.JMeter: os.arch=x86_64
2022-08-03 11:48:22,135 INFO o.a.j.JMeter: os.version=11.6.5
2022-08-03 11:48:22,135 INFO o.a.j.JMeter: file.encoding=UTF-8
2022-08-03 11:48:22,136 INFO o.a.j.JMeter: java.awt.headless=true
2022-08-03 11:48:22,136 INFO o.a.j.JMeter: Max memory     =1073741824
2022-08-03 11:48:22,136 INFO o.a.j.JMeter: Available Processors =16
2022-08-03 11:48:22,145 INFO o.a.j.JMeter: Default Locale=English (EN)
2022-08-03 11:48:22,146 INFO o.a.j.JMeter: JMeter  Locale=English (EN)
2022-08-03 11:48:22,146 INFO o.a.j.JMeter: JMeterHome=/Users/keilamartinez/Documents/apache-jmeter-5.5
2022-08-03 11:48:22,146 INFO o.a.j.JMeter: user.dir  =/Users/keilamartinez/Documents/Performance-RXP-2
2022-08-03 11:48:22,146 INFO o.a.j.JMeter: PWD       =/Users/keilamartinez/Documents/Performance-RXP-2
2022-08-03 11:48:22,147 INFO o.a.j.JMeter: IP: 192.168.0.5 Name: CO-C02CH3RDMD6N FullName: 192.168.0.5
2022-08-03 11:48:22,158 INFO o.a.j.JMeter: Setting property 'jmeter.reportgenerator.outputdir' to:'/Users/keilamartinez/Documents/Performance-RXP-2/JMTestResults/2022_08_03_11_48_AM_RXPTestPlan'
2022-08-03 11:48:22,161 INFO o.a.j.s.FileServer: Default base='/Users/keilamartinez/Documents/Performance-RXP-2'
2022-08-03 11:48:22,162 INFO o.a.j.s.FileServer: Set new base='/Users/keilamartinez/Documents/Performance-RXP-2'
2022-08-03 11:48:22,364 INFO o.a.j.s.SaveService: Testplan (JMX) version: 2.2. Testlog (JTL) version: 2.2
2022-08-03 11:48:22,393 INFO o.a.j.s.SaveService: Using SaveService properties version 5.0
2022-08-03 11:48:22,396 INFO o.a.j.s.SaveService: Using SaveService properties file encoding UTF-8
2022-08-03 11:48:22,399 INFO o.a.j.s.SaveService: Loading file: RXP BASELINE Performance Testing.jmx
2022-08-03 11:48:22,438 INFO o.a.j.p.h.s.HTTPSamplerBase: Parser for text/html is org.apache.jmeter.protocol.http.parser.LagartoBasedHtmlParser
2022-08-03 11:48:22,438 INFO o.a.j.p.h.s.HTTPSamplerBase: Parser for application/xhtml+xml is org.apache.jmeter.protocol.http.parser.LagartoBasedHtmlParser
2022-08-03 11:48:22,439 INFO o.a.j.p.h.s.HTTPSamplerBase: Parser for application/xml is org.apache.jmeter.protocol.http.parser.LagartoBasedHtmlParser
2022-08-03 11:48:22,439 INFO o.a.j.p.h.s.HTTPSamplerBase: Parser for text/xml is org.apache.jmeter.protocol.http.parser.LagartoBasedHtmlParser
2022-08-03 11:48:22,439 INFO o.a.j.p.h.s.HTTPSamplerBase: Parser for text/vnd.wap.wml is org.apache.jmeter.protocol.http.parser.RegexpHTMLParser
2022-08-03 11:48:22,439 INFO o.a.j.p.h.s.HTTPSamplerBase: Parser for text/css is org.apache.jmeter.protocol.http.parser.CssParser
2022-08-03 11:48:23,638 INFO o.a.j.e.KeyToolUtils: keytool found at 'keytool'
2022-08-03 11:48:23,639 INFO o.a.j.p.h.p.ProxyControl: HTTP(S) Test Script Recorder SSL Proxy will use keys that support embedded 3rd party resources in file /Users/keilamartinez/Documents/apache-jmeter-5.5/bin/proxyserver.jks
2022-08-03 11:48:23,734 INFO o.a.j.JMeter: Creating summariser <summary>
2022-08-03 11:48:23,740 INFO o.a.j.r.d.ReportGenerator: ReportGenerator will use for Parsing the separator: ','
2022-08-03 11:48:23,740 INFO o.a.j.r.d.ReportGenerator: Will generate report at end of test from  results file: JMTestResults/2022_08_03_11_48_AM_testsLog_RXP_BASELINE.log
2022-08-03 11:48:23,740 INFO o.a.j.r.d.ReportGenerator: Reading report generator properties from: /Users/keilamartinez/Documents/apache-jmeter-5.5/bin/reportgenerator.properties
2022-08-03 11:48:23,741 INFO o.a.j.r.d.ReportGenerator: Merging with JMeter properties
2022-08-03 11:48:23,745 INFO o.a.j.r.c.ReportGeneratorConfiguration: Property 'jmeter.reportgenerator.temp_dir' not found, using default value 'temp' instead.
2022-08-03 11:48:23,747 INFO o.a.j.r.c.ReportGeneratorConfiguration: Property 'jmeter.reportgenerator.apdex_per_transaction' not found, using default value 'null' instead.
2022-08-03 11:48:23,747 INFO o.a.j.r.c.ReportGeneratorConfiguration: apdex_per_transaction is empty, not APDEX per transaction customization
2022-08-03 11:48:23,748 INFO o.a.j.r.c.ReportGeneratorConfiguration: Property 'jmeter.reportgenerator.sample_filter' not found, using default value 'null' instead.
2022-08-03 11:48:23,748 INFO o.a.j.r.c.ReportGeneratorConfiguration: Property 'jmeter.reportgenerator.report_title' not found, using default value 'null' instead.
2022-08-03 11:48:23,748 INFO o.a.j.r.c.ReportGeneratorConfiguration: Property 'jmeter.reportgenerator.start_date' not found, using default value 'null' instead.
2022-08-03 11:48:23,748 INFO o.a.j.r.c.ReportGeneratorConfiguration: Property 'jmeter.reportgenerator.end_date' not found, using default value 'null' instead.
2022-08-03 11:48:23,748 INFO o.a.j.r.c.ReportGeneratorConfiguration: Property 'jmeter.reportgenerator.date_format' not found, using default value 'null' instead.
2022-08-03 11:48:23,748 INFO o.a.j.r.c.ReportGeneratorConfiguration: Will use date range start date: null, end date: null
2022-08-03 11:48:23,752 INFO o.a.j.r.c.ReportGeneratorConfiguration: Property 'jmeter.reportgenerator.graph.totalTPS.exclude_controllers' not found, using default value 'false' instead.
2022-08-03 11:48:23,752 INFO o.a.j.r.c.ReportGeneratorConfiguration: Property 'jmeter.reportgenerator.graph.activeThreadsOverTime.exclude_controllers' not found, using default value 'false' instead.
2022-08-03 11:48:23,753 INFO o.a.j.r.c.ReportGeneratorConfiguration: Property 'jmeter.reportgenerator.graph.timeVsThreads.exclude_controllers' not found, using default value 'false' instead.
2022-08-03 11:48:23,753 INFO o.a.j.r.c.ReportGeneratorConfiguration: Property 'jmeter.reportgenerator.graph.responseTimeDistribution.exclude_controllers' not found, using default value 'false' instead.
2022-08-03 11:48:23,753 INFO o.a.j.r.c.ReportGeneratorConfiguration: Property 'jmeter.reportgenerator.graph.transactionsPerSecond.exclude_controllers' not found, using default value 'false' instead.
2022-08-03 11:48:23,753 INFO o.a.j.r.c.ReportGeneratorConfiguration: Property 'jmeter.reportgenerator.graph.responseTimePercentiles.exclude_controllers' not found, using default value 'false' instead.
2022-08-03 11:48:23,753 INFO o.a.j.r.c.ReportGeneratorConfiguration: Property 'jmeter.reportgenerator.graph.responseTimePercentilesOverTime.exclude_controllers' not found, using default value 'false' instead.
2022-08-03 11:48:23,753 INFO o.a.j.r.c.ReportGeneratorConfiguration: Property 'jmeter.reportgenerator.graph.responseTimesOverTime.exclude_controllers' not found, using default value 'false' instead.
2022-08-03 11:48:23,753 INFO o.a.j.r.c.ReportGeneratorConfiguration: Property 'jmeter.reportgenerator.graph.connectTimeOverTime.exclude_controllers' not found, using default value 'false' instead.
2022-08-03 11:48:23,753 INFO o.a.j.r.c.ReportGeneratorConfiguration: Property 'jmeter.reportgenerator.graph.latenciesOverTime.exclude_controllers' not found, using default value 'false' instead.
2022-08-03 11:48:23,754 INFO o.a.j.r.c.ReportGeneratorConfiguration: Property 'jmeter.reportgenerator.exporter.json.filters_only_sample_series' not found, using default value 'true' instead.
2022-08-03 11:48:23,754 INFO o.a.j.r.c.ReportGeneratorConfiguration: Property 'jmeter.reportgenerator.exporter.json.series_filter' not found, using default value '' instead.
2022-08-03 11:48:23,754 INFO o.a.j.r.c.ReportGeneratorConfiguration: Property 'jmeter.reportgenerator.exporter.json.show_controllers_only' not found, using default value 'false' instead.
2022-08-03 11:48:23,755 INFO o.a.j.r.c.ReportGeneratorConfiguration: Property 'jmeter.reportgenerator.exporter.html.filters_only_sample_series' not found, using default value 'true' instead.
2022-08-03 11:48:23,755 INFO o.a.j.r.c.ReportGeneratorConfiguration: Property 'jmeter.reportgenerator.exporter.html.series_filter' not found, using default value '' instead.
2022-08-03 11:48:23,755 INFO o.a.j.r.c.ReportGeneratorConfiguration: Property 'jmeter.reportgenerator.exporter.html.show_controllers_only' not found, using default value 'false' instead.
2022-08-03 11:48:23,765 INFO o.a.j.e.StandardJMeterEngine: Running the test!
2022-08-03 11:48:23,765 INFO o.a.j.s.SampleEvent: List of sample_variables: []
2022-08-03 11:48:23,766 INFO o.a.j.s.SampleEvent: List of sample_variables: []
2022-08-03 11:48:23,769 INFO o.a.j.e.u.CompoundVariable: Note: Function class names must contain the string: '.functions.'
2022-08-03 11:48:23,769 INFO o.a.j.e.u.CompoundVariable: Note: Function class names must not contain the string: '.gui.'
2022-08-03 11:48:23,886 INFO o.a.j.JMeter: Running test (1659545303886)
2022-08-03 11:48:23,917 INFO o.a.j.e.StandardJMeterEngine: Starting ThreadGroup: 1 : Baseline
2022-08-03 11:48:23,917 INFO o.a.j.e.StandardJMeterEngine: Starting 1 threads for group Baseline.
2022-08-03 11:48:23,917 INFO o.a.j.e.StandardJMeterEngine: Thread will continue on error
2022-08-03 11:48:23,917 INFO o.a.j.t.ThreadGroup: Starting thread group... number=1 threads=1 ramp-up=1 delayedStart=false
2022-08-03 11:48:23,934 INFO o.a.j.t.ThreadGroup: Started thread group number 1
2022-08-03 11:48:23,934 INFO o.a.j.e.StandardJMeterEngine: All thread groups have been started
2022-08-03 11:48:23,963 INFO o.a.j.t.JMeterThread: Thread started: Baseline 1-1
2022-08-03 11:48:23,987 INFO o.a.j.p.h.s.HTTPHCAbstractImpl: Local host = CO-C02CH3RDMD6N
2022-08-03 11:48:23,994 INFO o.a.j.p.h.s.HTTPHC4Impl: HTTP request retry count = 0
2022-08-03 11:48:23,995 INFO o.a.j.s.SampleResult: Note: Sample TimeStamps are START times
2022-08-03 11:48:23,996 INFO o.a.j.s.SampleResult: sampleresult.default.encoding is set to ISO-8859-1
2022-08-03 11:48:23,996 INFO o.a.j.s.SampleResult: sampleresult.useNanoTime=true
2022-08-03 11:48:23,996 INFO o.a.j.s.SampleResult: sampleresult.nanoThreadSleep=5000
2022-08-03 11:48:24,268 INFO o.a.j.p.h.s.h.LazyLayeredConnectionSocketFactory: Setting up HTTPS TrustAll Socket Factory
2022-08-03 11:48:24,278 INFO o.a.j.u.JsseSSLManager: Using default SSL protocol: TLS
2022-08-03 11:48:24,279 INFO o.a.j.u.JsseSSLManager: SSL session context: per-thread
2022-08-03 11:48:24,400 INFO o.a.j.u.SSLManager: JmeterKeyStore Location:  type JKS
2022-08-03 11:48:24,404 INFO o.a.j.u.SSLManager: KeyStore created OK
2022-08-03 11:48:24,404 WARN o.a.j.u.SSLManager: Keystore file not found, loading empty keystore
2022-08-03 11:48:30,329 INFO o.a.j.r.Summariser: summary +     22 in 00:00:06 =    3.4/s Avg:   284 Min:    92 Max:  1177 Err:    14 (63.64%) Active: 1 Started: 1 Finished: 0
2022-08-03 11:48:45,904 INFO o.a.j.r.ResultCollector: Shutdown hook started
2022-08-03 11:48:45,906 INFO o.a.j.r.ResultCollector: Shutdown hook ended
