2022-09-08 11:09:28,890 INFO o.a.j.u.JMeterUtils: Setting Locale to en_EN
2022-09-08 11:09:28,910 INFO o.a.j.JMeter: Loading user properties from: /Users/keilamartinez/Documents/apache-jmeter-5.5/bin/user.properties
2022-09-08 11:09:28,910 INFO o.a.j.JMeter: Loading system properties from: /Users/keilamartinez/Documents/apache-jmeter-5.5/bin/system.properties
2022-09-08 11:09:28,915 INFO o.a.j.JMeter: Copyright (c) 1998-2022 The Apache Software Foundation
2022-09-08 11:09:28,915 INFO o.a.j.JMeter: Version 5.5
2022-09-08 11:09:28,916 INFO o.a.j.JMeter: java.version=18
2022-09-08 11:09:28,916 INFO o.a.j.JMeter: java.vm.name=Java HotSpot(TM) 64-Bit Server VM
2022-09-08 11:09:28,916 INFO o.a.j.JMeter: os.name=Mac OS X
2022-09-08 11:09:28,916 INFO o.a.j.JMeter: os.arch=x86_64
2022-09-08 11:09:28,916 INFO o.a.j.JMeter: os.version=11.6.5
2022-09-08 11:09:28,916 INFO o.a.j.JMeter: file.encoding=UTF-8
2022-09-08 11:09:28,916 INFO o.a.j.JMeter: java.awt.headless=true
2022-09-08 11:09:28,916 INFO o.a.j.JMeter: Max memory     =1073741824
2022-09-08 11:09:28,916 INFO o.a.j.JMeter: Available Processors =16
2022-09-08 11:09:28,923 INFO o.a.j.JMeter: Default Locale=English (EN)
2022-09-08 11:09:28,924 INFO o.a.j.JMeter: JMeter  Locale=English (EN)
2022-09-08 11:09:28,924 INFO o.a.j.JMeter: JMeterHome=/Users/keilamartinez/Documents/apache-jmeter-5.5
2022-09-08 11:09:28,924 INFO o.a.j.JMeter: user.dir  =/Users/keilamartinez/Documents/Performance-RXP-2/Baseline Preview
2022-09-08 11:09:28,924 INFO o.a.j.JMeter: PWD       =/Users/keilamartinez/Documents/Performance-RXP-2/Baseline Preview
2022-09-08 11:09:28,925 INFO o.a.j.JMeter: IP: 192.168.0.5 Name: CO-C02CH3RDMD6N FullName: 192.168.0.5
2022-09-08 11:09:28,932 INFO o.a.j.JMeter: Setting property 'jmeter.reportgenerator.outputdir' to:'/Users/keilamartinez/Documents/Performance-RXP-2/Baseline Preview/MAIN_PAGES_RESULTS/2022_09_08_11_09_AM_RXPTestPlan'
2022-09-08 11:09:28,934 INFO o.a.j.s.FileServer: Default base='/Users/keilamartinez/Documents/Performance-RXP-2/Baseline Preview'
2022-09-08 11:09:28,935 INFO o.a.j.s.FileServer: Set new base='/Users/keilamartinez/Documents/Performance-RXP-2/Baseline Preview'
2022-09-08 11:09:29,094 INFO o.a.j.s.SaveService: Testplan (JMX) version: 2.2. Testlog (JTL) version: 2.2
2022-09-08 11:09:29,115 INFO o.a.j.s.SaveService: Using SaveService properties version 5.0
2022-09-08 11:09:29,117 INFO o.a.j.s.SaveService: Using SaveService properties file encoding UTF-8
2022-09-08 11:09:29,120 INFO o.a.j.s.SaveService: Loading file: MAIN PAGES.jmx
2022-09-08 11:09:29,152 INFO o.a.j.p.h.s.HTTPSamplerBase: Parser for text/html is org.apache.jmeter.protocol.http.parser.LagartoBasedHtmlParser
2022-09-08 11:09:29,152 INFO o.a.j.p.h.s.HTTPSamplerBase: Parser for application/xhtml+xml is org.apache.jmeter.protocol.http.parser.LagartoBasedHtmlParser
2022-09-08 11:09:29,152 INFO o.a.j.p.h.s.HTTPSamplerBase: Parser for application/xml is org.apache.jmeter.protocol.http.parser.LagartoBasedHtmlParser
2022-09-08 11:09:29,152 INFO o.a.j.p.h.s.HTTPSamplerBase: Parser for text/xml is org.apache.jmeter.protocol.http.parser.LagartoBasedHtmlParser
2022-09-08 11:09:29,152 INFO o.a.j.p.h.s.HTTPSamplerBase: Parser for text/vnd.wap.wml is org.apache.jmeter.protocol.http.parser.RegexpHTMLParser
2022-09-08 11:09:29,152 INFO o.a.j.p.h.s.HTTPSamplerBase: Parser for text/css is org.apache.jmeter.protocol.http.parser.CssParser
2022-09-08 11:09:29,355 INFO o.a.j.p.h.c.CookieManager: Settings: Delete null: true Check: true Allow variable: true Save: false Prefix: COOKIE_
2022-09-08 11:09:29,535 INFO o.a.j.e.KeyToolUtils: keytool found at 'keytool'
2022-09-08 11:09:29,536 INFO o.a.j.p.h.p.ProxyControl: HTTP(S) Test Script Recorder SSL Proxy will use keys that support embedded 3rd party resources in file /Users/keilamartinez/Documents/apache-jmeter-5.5/bin/proxyserver.jks
2022-09-08 11:09:29,565 INFO o.a.j.JMeter: Creating summariser <summary>
2022-09-08 11:09:29,568 INFO o.a.j.r.d.ReportGenerator: ReportGenerator will use for Parsing the separator: ','
2022-09-08 11:09:29,568 INFO o.a.j.r.d.ReportGenerator: Will generate report at end of test from  results file: MAIN_PAGES_RESULTS/MAIN PAGES 2022_09_08_11_09_AM_testsLog_RXP_BASELINE.log
2022-09-08 11:09:29,568 INFO o.a.j.r.d.ReportGenerator: Reading report generator properties from: /Users/keilamartinez/Documents/apache-jmeter-5.5/bin/reportgenerator.properties
2022-09-08 11:09:29,569 INFO o.a.j.r.d.ReportGenerator: Merging with JMeter properties
2022-09-08 11:09:29,572 INFO o.a.j.r.c.ReportGeneratorConfiguration: Property 'jmeter.reportgenerator.temp_dir' not found, using default value 'temp' instead.
2022-09-08 11:09:29,573 INFO o.a.j.r.c.ReportGeneratorConfiguration: Property 'jmeter.reportgenerator.apdex_per_transaction' not found, using default value 'null' instead.
2022-09-08 11:09:29,574 INFO o.a.j.r.c.ReportGeneratorConfiguration: apdex_per_transaction is empty, not APDEX per transaction customization
2022-09-08 11:09:29,574 INFO o.a.j.r.c.ReportGeneratorConfiguration: Property 'jmeter.reportgenerator.sample_filter' not found, using default value 'null' instead.
2022-09-08 11:09:29,574 INFO o.a.j.r.c.ReportGeneratorConfiguration: Property 'jmeter.reportgenerator.report_title' not found, using default value 'null' instead.
2022-09-08 11:09:29,574 INFO o.a.j.r.c.ReportGeneratorConfiguration: Property 'jmeter.reportgenerator.start_date' not found, using default value 'null' instead.
2022-09-08 11:09:29,574 INFO o.a.j.r.c.ReportGeneratorConfiguration: Property 'jmeter.reportgenerator.end_date' not found, using default value 'null' instead.
2022-09-08 11:09:29,574 INFO o.a.j.r.c.ReportGeneratorConfiguration: Property 'jmeter.reportgenerator.date_format' not found, using default value 'null' instead.
2022-09-08 11:09:29,574 INFO o.a.j.r.c.ReportGeneratorConfiguration: Will use date range start date: null, end date: null
2022-09-08 11:09:29,577 INFO o.a.j.r.c.ReportGeneratorConfiguration: Property 'jmeter.reportgenerator.graph.totalTPS.exclude_controllers' not found, using default value 'false' instead.
2022-09-08 11:09:29,577 INFO o.a.j.r.c.ReportGeneratorConfiguration: Property 'jmeter.reportgenerator.graph.activeThreadsOverTime.exclude_controllers' not found, using default value 'false' instead.
2022-09-08 11:09:29,578 INFO o.a.j.r.c.ReportGeneratorConfiguration: Property 'jmeter.reportgenerator.graph.timeVsThreads.exclude_controllers' not found, using default value 'false' instead.
2022-09-08 11:09:29,578 INFO o.a.j.r.c.ReportGeneratorConfiguration: Property 'jmeter.reportgenerator.graph.responseTimeDistribution.exclude_controllers' not found, using default value 'false' instead.
2022-09-08 11:09:29,578 INFO o.a.j.r.c.ReportGeneratorConfiguration: Property 'jmeter.reportgenerator.graph.transactionsPerSecond.exclude_controllers' not found, using default value 'false' instead.
2022-09-08 11:09:29,578 INFO o.a.j.r.c.ReportGeneratorConfiguration: Property 'jmeter.reportgenerator.graph.responseTimePercentiles.exclude_controllers' not found, using default value 'false' instead.
2022-09-08 11:09:29,578 INFO o.a.j.r.c.ReportGeneratorConfiguration: Property 'jmeter.reportgenerator.graph.responseTimePercentilesOverTime.exclude_controllers' not found, using default value 'false' instead.
2022-09-08 11:09:29,578 INFO o.a.j.r.c.ReportGeneratorConfiguration: Property 'jmeter.reportgenerator.graph.responseTimesOverTime.exclude_controllers' not found, using default value 'false' instead.
2022-09-08 11:09:29,578 INFO o.a.j.r.c.ReportGeneratorConfiguration: Property 'jmeter.reportgenerator.graph.connectTimeOverTime.exclude_controllers' not found, using default value 'false' instead.
2022-09-08 11:09:29,578 INFO o.a.j.r.c.ReportGeneratorConfiguration: Property 'jmeter.reportgenerator.graph.latenciesOverTime.exclude_controllers' not found, using default value 'false' instead.
2022-09-08 11:09:29,579 INFO o.a.j.r.c.ReportGeneratorConfiguration: Property 'jmeter.reportgenerator.exporter.json.filters_only_sample_series' not found, using default value 'true' instead.
2022-09-08 11:09:29,579 INFO o.a.j.r.c.ReportGeneratorConfiguration: Property 'jmeter.reportgenerator.exporter.json.series_filter' not found, using default value '' instead.
2022-09-08 11:09:29,579 INFO o.a.j.r.c.ReportGeneratorConfiguration: Property 'jmeter.reportgenerator.exporter.json.show_controllers_only' not found, using default value 'false' instead.
2022-09-08 11:09:29,580 INFO o.a.j.r.c.ReportGeneratorConfiguration: Property 'jmeter.reportgenerator.exporter.html.filters_only_sample_series' not found, using default value 'true' instead.
2022-09-08 11:09:29,580 INFO o.a.j.r.c.ReportGeneratorConfiguration: Property 'jmeter.reportgenerator.exporter.html.series_filter' not found, using default value '' instead.
2022-09-08 11:09:29,580 INFO o.a.j.r.c.ReportGeneratorConfiguration: Property 'jmeter.reportgenerator.exporter.html.show_controllers_only' not found, using default value 'false' instead.
2022-09-08 11:09:29,588 INFO o.a.j.e.StandardJMeterEngine: Running the test!
2022-09-08 11:09:29,588 INFO o.a.j.s.SampleEvent: List of sample_variables: []
2022-09-08 11:09:29,588 INFO o.a.j.s.SampleEvent: List of sample_variables: []
2022-09-08 11:09:29,591 INFO o.a.j.e.u.CompoundVariable: Note: Function class names must contain the string: '.functions.'
2022-09-08 11:09:29,591 INFO o.a.j.e.u.CompoundVariable: Note: Function class names must not contain the string: '.gui.'
2022-09-08 11:09:29,692 INFO o.a.j.JMeter: Running test (1662653369692)
2022-09-08 11:09:29,717 INFO o.a.j.e.StandardJMeterEngine: Starting ThreadGroup: 1 : MAIN PAGES
2022-09-08 11:09:29,717 INFO o.a.j.e.StandardJMeterEngine: Starting 1 threads for group MAIN PAGES.
2022-09-08 11:09:29,717 INFO o.a.j.e.StandardJMeterEngine: Thread will continue on error
2022-09-08 11:09:29,717 INFO o.a.j.t.ThreadGroup: Starting thread group... number=1 threads=1 ramp-up=1 delayedStart=false
2022-09-08 11:09:29,728 INFO o.a.j.t.ThreadGroup: Started thread group number 1
2022-09-08 11:09:29,728 INFO o.a.j.e.StandardJMeterEngine: All thread groups have been started
2022-09-08 11:09:29,740 INFO o.a.j.t.JMeterThread: Thread started: MAIN PAGES 1-1
2022-09-08 11:09:29,755 INFO o.a.j.p.h.s.HTTPHCAbstractImpl: Local host = CO-C02CH3RDMD6N
2022-09-08 11:09:29,758 INFO o.a.j.p.h.s.HTTPHC4Impl: HTTP request retry count = 0
2022-09-08 11:09:29,759 INFO o.a.j.s.SampleResult: Note: Sample TimeStamps are START times
2022-09-08 11:09:29,760 INFO o.a.j.s.SampleResult: sampleresult.default.encoding is set to ISO-8859-1
2022-09-08 11:09:29,760 INFO o.a.j.s.SampleResult: sampleresult.useNanoTime=true
2022-09-08 11:09:29,760 INFO o.a.j.s.SampleResult: sampleresult.nanoThreadSleep=5000
2022-09-08 11:09:29,814 INFO o.a.j.p.h.s.h.LazyLayeredConnectionSocketFactory: Setting up HTTPS TrustAll Socket Factory
2022-09-08 11:09:29,822 INFO o.a.j.u.JsseSSLManager: Using default SSL protocol: TLS
2022-09-08 11:09:29,822 INFO o.a.j.u.JsseSSLManager: SSL session context: per-thread
2022-09-08 11:09:29,907 INFO o.a.j.u.SSLManager: JmeterKeyStore Location:  type JKS
2022-09-08 11:09:29,909 INFO2022-09-08 11:09:30,706 INFO o.a.j.r.Summariser: summary +     83 in 00:00:31 =    2.7/s Avg:   367 Min:   106 Max:  1409 Err:     0 (0.00%) Active: 1 Started: 1 Finished: 0
2022-09-08 11:09:30,706 INFO o.a.j.r.Summariser: summary =    100 in 00:00:40 =    2.5/s Avg:   396 Min:   106 Max:  2379 Err:     0 (0.002022022-09-08 11:10:00,307 INFO o.a.j.r.Summariser: summary +     96 in 00:00:30 =    3.2/s Avg:   307 Min:   123 Max:  1607 Err:     0 (0.00%) Active: 1 Started: 1 Finished: 0
2022-09-08 11:10:00,307 INFO o.a.j.r.Summariser: summary =    196 in 00:01:09 =    2.8/s Avg:   352 Min:   106 Max:  2379 Err:     0 (0.002022-09-08 11:10:30,364 INFO o.a.j.r.Summariser: summary +    119 in 00:00:30 =    3.9/s Avg:   254 Min:   108 Max:  2571 Err:     0 (0.00%) Active: 1 Started: 1 Finished: 0
2022-09-08 11:10:30,364 INFO o.a.j.r.Summariser: summary =    296 in 00:01:01 =    4.9/s Avg:   204 Min:   107 Max2022-09-08 11:10:34,046 INF2022-09-08 11:10:38,578 INFO o.a.j.t.JMeterThread: Thread is done: MAIN PAGES 1-1
2022-09-08 11:10:38,578 INFO o.a.j.t.JMeterThread: Thread finished: MAIN PAGES 1-1
2022-09-08 11:10:38,580 INFO o.a.j.e.StandardJMeterEngine: Notifying test listeners of end of test
2022-09-08 11:10:38,581 2022-09-08 11:11:00,413 INFO o.a.j.r.Summariser: summary +     49 in 00:00:26 =    1.9/s Avg:   537 Min:   113 Max:  2495 Err:     0 (0.00%) Active: 1 Started: 1 Finished: 0
2022-09-08 11:11:00,413 INFO o.a.j.r.Summariser: summary =    340 in 00:02:17 =    2.5/s Avg:   403 Min:   102 Max: 11947 Err:     0 (0.00%)
2022-09-08 11:11:30,058 INFO o.a.j2022-09-08 11:11:31,057 INFO o.a.j.r.Summariser: summary +    141 in 00:00:31 =    4.6/s Avg:   216 Min:   116 Max:  2105 Err:     0 (0.00%) Active: 1 Started: 1 Finished: 0
2022-09-08 11:11:31,058 INFO o.a.j.r.Summariser: summary =    294 in 00:02:56 =    1.7/s Avg:   597 Min:   2022-09-08 11:12:00,043 INFO o.a.j2022-09-08 11:12:00,191 INFO o.a.j.r.Summariser: summary +     42 in 00:00:29 =    1.4/s Avg:   693 Min:   200 Max:  1752 Err:     0 (0.00%) Active: 1 Started: 1 Finished: 0
2022-09-08 11:12:00,192 INFO o.a.j.r.Summariser: summary =    336 in 00:03:25 =    1.6/s Avg:   609 Min:   2022-09-08 11:12:30,239 INFO o.a.j.r.Summariser: summary +    107 in 00:00:30 =    3.5/s Avg:   281 Min:   115 Max:  1303 Err:     0 (0.00%) Active: 1 Started: 1 Finished: 0
2022-09-08 11:12:30,239 INFO o.a.j.r.Summariser: summary =    663 in 00:03:47 =    2.9/s Avg:   342 Min:   102 Max: 11947 Err:     0 (0.00%)
2022-09-08 11:13:00,368 INFO o.a.j2022-09-08 11:13:00,378 INFO o.a.j.r.Summariser: summary +     56 in 00:00:30 =    1.9/s Avg:   539 Min:   113 Max:  2662 Err:     0 (0.00%) Active: 1 Started: 1 Finished: 0
2022-09-08 11:13:00,378 INFO o.a.j.r.Summariser: summary =    555 in 00:04:25 =    2.1/s Avg:   477 Min:   2022-09-08 11:13:30,322 INFO o.a.j.r.Summariser: summary +     70 in 00:00:30 =    2.3/s Avg:   427 Min:   114 Max:  2085 Err:     0 (0.00%) Active: 1 Started: 1 Finished: 0
2022-09-08 11:13:30,323 INFO o.a.j.r.Summariser: summary =    826 in 00:04:47 =    2.9/s Avg:   347 Min:   102 Max: 11947 Err:     0 (0.00%)
2022-09-08 11:14:30,022 INFO o.a.j.r.Summariser: summary +    157 in 00:01:00 =    2.6/s Avg:   379 Min:   113 Max: 10252 Err:     0 (0.00%) Active: 1 Started: 1 Finished: 0
2022-09-08 11:14:30,022 INFO o.a.j.r.Summariser: summary =    983 in 00:05:47 =    2.8/s Avg:   352 Min:   102 Max: 11947 Err:     0 (0.00%)
2022-09-08 11:15:00,415 INFO o.a.j.r.Summariser: summary +     84 in 00:00:30 =    2.8/s Avg:   361 Min:    93 Max:  1557 Err:     0 (0.00%) Active: 1 Started: 1 Finished: 0
2022-09-08 11:15:00,417 INFO o.a.j.r.Summariser: summary =   1067 in 00:06:17 =    2.8/s Avg:   353 Min:    93 Max: 11947 Err:     0 (0.00%)
2022-09-08 11:16:00,777 INFO o.a.j.r.Summariser: summary +    149 in 00:01:00 =    2.5/s Avg:   404 Min:   109 Max: 10137 Err:     0 (0.00%) Active: 1 Started: 1 Finished: 0
2022-09-08 11:16:00,778 INFO o.a.j.r.Summariser: summary =   1216 in 00:07:18 =    2.8/s Avg:   359 Min:    93 Max: 11947 Err:     0 (0.00%)
2022-09-08 11:16:18,069 INFO o.a.j.t.JMeterThread: Thread is done: TOOLS 1-1
2022-09-08 11:16:18,069 INFO o.a.j.t.JMeterThread: Thread finished: TOOLS 1-1
2022-09-08 11:16:18,072 INFO o.a.j.e.StandardJMeterEngine: Notifying test listeners of end of test
2022-09-08 11:16:18,073 INFO o.a.j.r.Summariser: summary +     56 in 00:00:17 =    3.2/s Avg:   308 Min:   110 Max:  1163 Err:     0 (0.00%) Active: 0 Started: 1 Finished: 1
2022-09-08 11:16:18,073 INFO o.a.j.r.Summariser: summary =   1272 in 00:07:35 =    2.8/s Avg:   357 Min:    93 Max: 11947 Err:     0 (0.00%)
2022-09-08 11:16:18,074 INFO o.a.j.JMeter: Generating Dashboard
2022-09-08 11:16:18,074 INFO o.a.j.r.d.ReportGenerator: Flushing result collector before report Generation
2022-09-08 11:16:18,087 INFO o.a.j.r.p.NormalizerSampleConsumer: Using format, 'ms', to parse timeStamp field
2022-09-08 11:16:18,261 INFO o.a.j.r.p.AbstractSampleConsumer: class org.apache.jmeter.report.processor.AggregateConsumer#stopProducing(): beginDate produced 0 samples
2022-09-08 11:16:18,261 INFO o.a.j.r.p.AbstractSampleConsumer: class org.apache.jmeter.report.processor.AggregateConsumer#stopProducing(): endDate produced 0 samples
2022-09-08 11:16:18,266 INFO o.a.j.r.p.AbstractSampleConsumer: class org.apache.jmeter.report.processor.ApdexSummaryConsumer#stopProducing(): apdexSummary produced 0 samples
2022-09-08 11:16:18,266 INFO o.a.j.r.p.AbstractSampleConsumer: class org.apache.jmeter.report.processor.RequestsSummaryConsumer#stopProducing(): requestsSummary produced 0 samples
2022-09-08 11:16:18,275 INFO o.a.j.r.p.AbstractSampleConsumer: class org.apache.jmeter.report.processor.StatisticsSummaryConsumer#stopProducing(): statisticsSummary produced 0 samples
2022-09-08 11:16:18,277 INFO o.a.j.r.p.AbstractSampleConsumer: class org.apache.jmeter.report.processor.Top5ErrorsBySamplerConsumer#stopProducing(): top5ErrorsBySampler produced 0 samples
2022-09-08 11:16:18,277 INFO o.a.j.r.p.AbstractSampleConsumer: class org.apache.jmeter.report.processor.ErrorsSummaryConsumer#stopProducing(): errorsSummary produced 0 samples
2022-09-08 11:16:18,277 INFO o.a.j.r.p.AbstractSampleConsumer: class org.apache.jmeter.report.processor.graph.impl.HitsPerSecondGraphConsumer#stopProducing(): hitsPerSecond produced 0 samples
2022-09-08 11:16:18,324 INFO o.a.j.r.p.AbstractSampleConsumer: class org.apache.jmeter.report.processor.graph.impl.LatencyVSRequestGraphConsumer#stopProducing(): latencyVsRequest produced 0 samples
2022-09-08 11:16:18,324 INFO o.a.j.r.p.AbstractSampleConsumer: class org.apache.jmeter.report.processor.graph.impl.SyntheticResponseTimeDistributionGraphConsumer#stopProducing(): syntheticResponseTimeDistribution produced 0 samples
2022-09-08 11:16:18,325 INFO o.a.j.r.p.AbstractSampleConsumer: class org.apache.jmeter.report.processor.graph.impl.BytesThroughputGraphConsumer#stopProducing(): bytesThroughputOverTime produced 0 samples
2022-09-08 11:16:18,325 INFO o.a.j.r.p.AbstractSampleConsumer: class org.apache.jmeter.report.processor.graph.impl.CodesPerSecondGraphConsumer#stopProducing(): codesPerSecond produced 0 samples
2022-09-08 11:16:18,353 INFO o.a.j.r.p.AbstractSampleConsumer: class org.apache.jmeter.report.processor.graph.impl.ResponseTimeVSRequestGraphConsumer#stopProducing(): responseTimeVsRequest produced 0 samples
2022-09-08 11:16:18,354 INFO o.a.j.r.p.AbstractSampleConsumer: class org.apache.jmeter.report.processor.FilterConsumer#stopProducing(): startIntervalControlerFilter produced 8904 samples
2022-09-08 11:16:18,354 INFO o.a.j.r.p.AbstractSampleConsumer: class org.apache.jmeter.report.processor.graph.impl.TotalTPSGraphConsumer#stopProducing(): totalTPS produced 0 samples
2022-09-08 11:16:18,354 INFO o.a.j.r.p.AbstractSampleConsumer: class org.apache.jmeter.report.processor.graph.impl.ActiveThreadsGraphConsumer#stopProducing(): activeThreadsOverTime produced 0 samples
2022-09-08 11:16:18,354 INFO o.a.j.r.p.AbstractSampleConsumer: class org.apache.jmeter.report.processor.graph.impl.TimeVSThreadGraphConsumer#stopProducing(): timeVsThreads produced 0 samples
2022-09-08 11:16:18,528 INFO o.a.j.r.p.AbstractSampleConsumer: class org.apache.jmeter.report.processor.graph.impl.ResponseTimeDistributionGraphConsumer#stopProducing(): responseTimeDistribution produced 0 samples
2022-09-08 11:16:18,570 INFO o.a.j.r.p.AbstractSampleConsumer: class org.apache.jmeter.report.processor.graph.impl.TransactionsPerSecondGraphConsumer#stopProducing(): transactionsPerSecond produced 0 samples
2022-09-08 11:16:18,612 INFO o.a.j.r.p.AbstractSampleConsumer: class org.apache.jmeter.report.processor.graph.impl.ResponseTimePercentilesGraphConsumer#stopProducing(): responseTimePercentiles produced 0 samples
2022-09-08 11:16:18,865 INFO o.a.j.r.p.AbstractSampleConsumer: class org.apache.jmeter.report.processor.graph.impl.ResponseTimePercentilesOverTimeGraphConsumer#stopProducing(): responseTimePercentilesOverTime produced 0 samples
2022-09-08 11:16:18,866 INFO o.a.j.r.p.AbstractSampleConsumer: class org.apache.jmeter.report.processor.graph.impl.ResponseTimeOverTimeGraphConsumer#stopProducing(): responseTimesOverTime produced 0 samples
2022-09-08 11:16:18,910 INFO o.a.j.r.p.AbstractSampleConsumer: class org.apache.jmeter.report.processor.graph.impl.ConnectTimeOverTimeGraphConsumer#stopProducing(): connectTimeOverTime produced 0 samples
2022-09-08 11:16:18,950 INFO o.a.j.r.p.AbstractSampleConsumer: class org.apache.jmeter.report.processor.graph.impl.LatencyOverTimeGraphConsumer#stopProducing(): latenciesOverTime produced 0 samples
2022-09-08 11:16:18,989 INFO o.a.j.r.p.AbstractSampleConsumer: class org.apache.jmeter.report.processor.FilterConsumer#stopProducing(): nameFilter produced 19080 samples
2022-09-08 11:16:18,989 INFO o.a.j.r.p.AbstractSampleConsumer: class org.apache.jmeter.report.processor.FilterConsumer#stopProducing(): dateRangeFilter produced 3816 samples
2022-09-08 11:16:18,989 INFO o.a.j.r.p.AbstractSampleConsumer: class org.apache.jmeter.report.processor.NormalizerSampleConsumer#stopProducing(): normalizer produced 1272 samples
2022-09-08 11:16:18,989 INFO o.a.j.r.p.CsvFileSampleSource: produce(): 1272 samples produced in 882ms on channel 0
2022-09-08 11:16:18,989 INFO o.a.j.r.d.ReportGenerator: Exporting data using exporter:'json' of className:'org.apache.jmeter.report.dashboard.JsonExporter'
2022-09-08 11:16:19,178 INFO o.a.j.r.d.JsonExporter: Found data for consumer statisticsSummary in context
2022-09-08 11:16:19,178 INFO o.a.j.r.d.JsonExporter: Creating statistics for overall
2022-09-08 11:16:19,178 INFO o.a.j.r.d.JsonExporter: Creating statistics for other transactions
2022-09-08 11:16:19,182 INFO o.a.j.r.d.JsonExporter: Checking output folder
2022-09-08 11:16:19,182 INFO o.a.j.r.d.JsonExporter: Writing statistics JSON to /Users/keilamartinez/Documents/Performance-RXP-2/Baseline Preview/TOOLS_RESULTS/2022_09_08_11_08_AM_RXPTestPlan/statistics.json
2022-09-08 11:16:19,243 INFO o.a.j.r.d.ReportGenerator: Exporting data using exporter:'html' of className:'org.apache.jmeter.report.dashboard.HtmlTemplateExporter'
2022-09-08 11:16:19,245 INFO o.a.j.r.d.HtmlTemplateExporter: Will generate dashboard in folder: /Users/keilamartinez/Documents/Performance-RXP-2/Baseline Preview/TOOLS_RESULTS/2022_09_08_11_08_AM_RXPTestPlan
2022-09-08 11:16:19,973 INFO o.a.j.r.d.HtmlTemplateExporter: Report will be generated in: /Users/keilamartinez/Documents/Performance-RXP-2/Baseline Preview/TOOLS_RESULTS/2022_09_08_11_08_AM_RXPTestPlan, creating folder structure
2022-09-08 11:16:19,977 INFO o.a.j.r.d.TemplateVisitor: Copying folder from '/Users/keilamartinez/Documents/apache-jmeter-5.5/bin/report-template' to '/Users/keilamartinez/Documents/Performance-RXP-2/Baseline Preview/TOOLS_RESULTS/2022_09_08_11_08_AM_RXPTestPlan', got message: /Users/keilamartinez/Documents/Performance-RXP-2/Baseline Preview/TOOLS_RESULTS/2022_09_08_11_08_AM_RXPTestPlan, found non empty folder with following content [/Users/keilamartinez/Documents/Performance-RXP-2/Baseline Preview/TOOLS_RESULTS/2022_09_08_11_08_AM_RXPTestPlan/statistics.json], will be ignored
2022-09-08 11:16:20,319 INFO o.a.j.JMeter: Dashboard generated
