2022-08-24 16:42:26,986 INFO o.a.j.u.JMeterUtils: Setting Locale to en_EN
2022-08-24 16:42:27,025 INFO o.a.j.JMeter: Loading user properties from: /Users/keilamartinez/Documents/apache-jmeter-5.5/bin/user.properties
2022-08-24 16:42:27,026 INFO o.a.j.JMeter: Loading system properties from: /Users/keilamartinez/Documents/apache-jmeter-5.5/bin/system.properties
2022-08-24 16:42:27,035 INFO o.a.j.JMeter: Copyright (c) 1998-2022 The Apache Software Foundation
2022-08-24 16:42:27,035 INFO o.a.j.JMeter: Version 5.5
2022-08-24 16:42:27,036 INFO o.a.j.JMeter: java.version=18
2022-08-24 16:42:27,036 INFO o.a.j.JMeter: java.vm.name=Java HotSpot(TM) 64-Bit Server VM
2022-08-24 16:42:27,036 INFO o.a.j.JMeter: os.name=Mac OS X
2022-08-24 16:42:27,036 INFO o.a.j.JMeter: os.arch=x86_64
2022-08-24 16:42:27,036 INFO o.a.j.JMeter: os.version=11.6.5
2022-08-24 16:42:27,036 INFO o.a.j.JMeter: file.encoding=UTF-8
2022-08-24 16:42:27,036 INFO o.a.j.JMeter: java.awt.headless=true
2022-08-24 16:42:27,036 INFO o.a.j.JMeter: Max memory     =1073741824
2022-08-24 16:42:27,037 INFO o.a.j.JMeter: Available Processors =16
2022-08-24 16:42:27,050 INFO o.a.j.JMeter: Default Locale=English (EN)
2022-08-24 16:42:27,050 INFO o.a.j.JMeter: JMeter  Locale=English (EN)
2022-08-24 16:42:27,051 INFO o.a.j.JMeter: JMeterHome=/Users/keilamartinez/Documents/apache-jmeter-5.5
2022-08-24 16:42:27,051 INFO o.a.j.JMeter: user.dir  =/Users/keilamartinez/Documents/Performance-RXP-2/Baseline
2022-08-24 16:42:27,051 INFO o.a.j.JMeter: PWD       =/Users/keilamartinez/Documents/Performance-RXP-2/Baseline
2022-08-24 16:42:27,053 INFO o.a.j.JMeter: IP: 192.168.0.11 Name: CO-C02CH3RDMD6N FullName: 192.168.0.11
2022-08-24 16:42:27,064 INFO o.a.j.JMeter: Setting property 'jmeter.reportgenerator.outputdir' to:'/Users/keilamartinez/Documents/Performance-RXP-2/Baseline/TOOLS_RESULTS/2022_08_24_04_42_PM_RXPTestPlan'
2022-08-24 16:42:27,068 INFO o.a.j.s.FileServer: Default base='/Users/keilamartinez/Documents/Performance-RXP-2/Baseline'
2022-08-24 16:42:27,069 INFO o.a.j.s.FileServer: Set new base='/Users/keilamartinez/Documents/Performance-RXP-2/Baseline'
2022-08-24 16:42:27,346 INFO o.a.j.s.SaveService: Testplan (JMX) version: 2.2. Testlog (JTL) version: 2.2
2022-08-24 16:42:27,381 INFO o.a.j.s.SaveService: Using SaveService properties version 5.0
2022-08-24 16:42:27,386 INFO o.a.j.s.SaveService: Using SaveService properties file encoding UTF-8
2022-08-24 16:42:27,390 INFO o.a.j.s.SaveService: Loading file: TOOLS.jmx
2022-08-24 16:42:27,443 INFO o.a.j.p.h.s.HTTPSamplerBase: Parser for text/html is org.apache.jmeter.protocol.http.parser.LagartoBasedHtmlParser
2022-08-24 16:42:27,443 INFO o.a.j.p.h.s.HTTPSamplerBase: Parser for application/xhtml+xml is org.apache.jmeter.protocol.http.parser.LagartoBasedHtmlParser
2022-08-24 16:42:27,443 INFO o.a.j.p.h.s.HTTPSamplerBase: Parser for application/xml is org.apache.jmeter.protocol.http.parser.LagartoBasedHtmlParser
2022-08-24 16:42:27,443 INFO o.a.j.p.h.s.HTTPSamplerBase: Parser for text/xml is org.apache.jmeter.protocol.http.parser.LagartoBasedHtmlParser
2022-08-24 16:42:27,443 INFO o.a.j.p.h.s.HTTPSamplerBase: Parser for text/vnd.wap.wml is org.apache.jmeter.protocol.http.parser.RegexpHTMLParser
2022-08-24 16:42:27,444 INFO o.a.j.p.h.s.HTTPSamplerBase: Parser for text/css is org.apache.jmeter.protocol.http.parser.CssParser
2022-08-24 16:42:28,606 INFO o.a.j.p.h.c.CookieManager: Settings: Delete null: true Check: true Allow variable: true Save: false Prefix: COOKIE_
2022-08-24 16:42:28,899 INFO o.a.j.e.KeyToolUtils: keytool found at 'keytool'
2022-08-24 16:42:28,900 INFO o.a.j.p.h.p.ProxyControl: HTTP(S) Test Script Recorder SSL Proxy will use keys that support embedded 3rd party resources in file /Users/keilamartinez/Documents/apache-jmeter-5.5/bin/proxyserver.jks
2022-08-24 16:42:29,097 INFO o.a.j.JMeter: Creating summariser <summary>
2022-08-24 16:42:29,103 INFO o.a.j.r.d.ReportGenerator: ReportGenerator will use for Parsing the separator: ','
2022-08-24 16:42:29,103 INFO o.a.j.r.d.ReportGenerator: Will generate report at end of test from  results file: TOOLS_RESULTS/TOOLS RESULTS 2022_08_24_04_42_PM_testsLog_RXP_BASELINE.log
2022-08-24 16:42:29,103 INFO o.a.j.r.d.ReportGenerator: Reading report generator properties from: /Users/keilamartinez/Documents/apache-jmeter-5.5/bin/reportgenerator.properties
2022-08-24 16:42:29,104 INFO o.a.j.r.d.ReportGenerator: Merging with JMeter properties
2022-08-24 16:42:29,108 INFO o.a.j.r.c.ReportGeneratorConfiguration: Property 'jmeter.reportgenerator.temp_dir' not found, using default value 'temp' instead.
2022-08-24 16:42:29,112 INFO o.a.j.r.c.ReportGeneratorConfiguration: Property 'jmeter.reportgenerator.apdex_per_transaction' not found, using default value 'null' instead.
2022-08-24 16:42:29,112 INFO o.a.j.r.c.ReportGeneratorConfiguration: apdex_per_transaction is empty, not APDEX per transaction customization
2022-08-24 16:42:29,112 INFO o.a.j.r.c.ReportGeneratorConfiguration: Property 'jmeter.reportgenerator.sample_filter' not found, using default value 'null' instead.
2022-08-24 16:42:29,112 INFO o.a.j.r.c.ReportGeneratorConfiguration: Property 'jmeter.reportgenerator.report_title' not found, using default value 'null' instead.
2022-08-24 16:42:29,112 INFO o.a.j.r.c.ReportGeneratorConfiguration: Property 'jmeter.reportgenerator.start_date' not found, using default value 'null' instead.
2022-08-24 16:42:29,112 INFO o.a.j.r.c.ReportGeneratorConfiguration: Property 'jmeter.reportgenerator.end_date' not found, using default value 'null' instead.
2022-08-24 16:42:29,112 INFO o.a.j.r.c.ReportGeneratorConfiguration: Property 'jmeter.reportgenerator.date_format' not found, using default value 'null' instead.
2022-08-24 16:42:29,113 INFO o.a.j.r.c.ReportGeneratorConfiguration: Will use date range start date: null, end date: null
2022-08-24 16:42:29,117 INFO o.a.j.r.c.ReportGeneratorConfiguration: Property 'jmeter.reportgenerator.graph.totalTPS.exclude_controllers' not found, using default value 'false' instead.
2022-08-24 16:42:29,118 INFO o.a.j.r.c.ReportGeneratorConfiguration: Property 'jmeter.reportgenerator.graph.activeThreadsOverTime.exclude_controllers' not found, using default value 'false' instead.
2022-08-24 16:42:29,118 INFO o.a.j.r.c.ReportGeneratorConfiguration: Property 'jmeter.reportgenerator.graph.timeVsThreads.exclude_controllers' not found, using default value 'false' instead.
2022-08-24 16:42:29,118 INFO o.a.j.r.c.ReportGeneratorConfiguration: Property 'jmeter.reportgenerator.graph.responseTimeDistribution.exclude_controllers' not found, using default value 'false' instead.
2022-08-24 16:42:29,119 INFO o.a.j.r.c.ReportGeneratorConfiguration: Property 'jmeter.reportgenerator.graph.transactionsPerSecond.exclude_controllers' not found, using default value 'false' instead.
2022-08-24 16:42:29,119 INFO o.a.j.r.c.ReportGeneratorConfiguration: Property 'jmeter.reportgenerator.graph.responseTimePercentiles.exclude_controllers' not found, using default value 'false' instead.
2022-08-24 16:42:29,119 INFO o.a.j.r.c.ReportGeneratorConfiguration: Property 'jmeter.reportgenerator.graph.responseTimePercentilesOverTime.exclude_controllers' not found, using default value 'false' instead.
2022-08-24 16:42:29,119 INFO o.a.j.r.c.ReportGeneratorConfiguration: Property 'jmeter.reportgenerator.graph.responseTimesOverTime.exclude_controllers' not found, using default value 'false' instead.
2022-08-24 16:42:29,120 INFO o.a.j.r.c.ReportGeneratorConfiguration: Property 'jmeter.reportgenerator.graph.connectTimeOverTime.exclude_controllers' not found, using default value 'false' instead.
2022-08-24 16:42:29,120 INFO o.a.j.r.c.ReportGeneratorConfiguration: Property 'jmeter.reportgenerator.graph.latenciesOverTime.exclude_controllers' not found, using default value 'false' instead.
2022-08-24 16:42:29,121 INFO o.a.j.r.c.ReportGeneratorConfiguration: Property 'jmeter.reportgenerator.exporter.json.filters_only_sample_series' not found, using default value 'true' instead.
2022-08-24 16:42:29,122 INFO o.a.j.r.c.ReportGeneratorConfiguration: Property 'jmeter.reportgenerator.exporter.json.series_filter' not found, using default value '' instead.
2022-08-24 16:42:29,122 INFO o.a.j.r.c.ReportGeneratorConfiguration: Property 'jmeter.reportgenerator.exporter.json.show_controllers_only' not found, using default value 'false' instead.
2022-08-24 16:42:29,122 INFO o.a.j.r.c.ReportGeneratorConfiguration: Property 'jmeter.reportgenerator.exporter.html.filters_only_sample_series' not found, using default value 'true' instead.
2022-08-24 16:42:29,122 INFO o.a.j.r.c.ReportGeneratorConfiguration: Property 'jmeter.reportgenerator.exporter.html.series_filter' not found, using default value '' instead.
2022-08-24 16:42:29,123 INFO o.a.j.r.c.ReportGeneratorConfiguration: Property 'jmeter.reportgenerator.exporter.html.show_controllers_only' not found, using default value 'false' instead.
2022-08-24 16:42:29,137 INFO o.a.j.e.StandardJMeterEngine: Running the test!
2022-08-24 16:42:29,138 INFO o.a.j.s.SampleEvent: List of sample_variables: []
2022-08-24 16:42:29,138 INFO o.a.j.s.SampleEvent: List of sample_variables: []
2022-08-24 16:42:29,143 INFO o.a.j.e.u.CompoundVariable: Note: Function class names must contain the string: '.functions.'
2022-08-24 16:42:29,143 INFO o.a.j.e.u.CompoundVariable: Note: Function class names must not contain the string: '.gui.'
2022-08-24 16:42:29,414 INFO o.a.j.JMeter: Running test (1661377349414)
2022-08-24 16:42:29,472 INFO o.a.j.e.StandardJMeterEngine: Starting ThreadGroup: 1 : TOOLS
2022-08-24 16:42:29,472 INFO o.a.j.e.StandardJMeterEngine: Starting 1 threads for group TOOLS.
2022-08-24 16:42:29,472 INFO o.a.j.e.StandardJMeterEngine: Thread will continue on error
2022-08-24 16:42:29,472 INFO o.a.j.t.ThreadGroup: Starting thread group... number=1 threads=1 ramp-up=1 delayedStart=false
2022-08-24 16:42:29,557 INFO o.a.j.t.ThreadGroup: Started thread group number 1
2022-08-24 16:42:29,557 INFO o.a.j.e.StandardJMeterEngine: All thread groups have been started
2022-08-24 16:42:29,633 INFO o.a.j.t.JMeterThread: Thread started: TOOLS 1-1
2022-08-24 16:42:29,666 INFO o.a.j.p.h.s.HTTPHCAbstractImpl: Local host = CO-C02CH3RDMD6N
2022-08-24 16:42:29,672 INFO o.a.j.p.h.s.HTTPHC4Impl: HTTP request retry count = 0
2022-08-24 16:42:29,673 INFO o.a.j.s.SampleResult: Note: Sample TimeStamps are START times
2022-08-24 16:42:29,673 INFO o.a.j.s.SampleResult: sampleresult.default.encoding is set to ISO-8859-1
2022-08-24 16:42:29,673 INFO o.a.j.s.SampleResult: sampleresult.useNanoTime=true
2022-08-24 16:42:29,674 INFO o.a.j.s.SampleResult: sampleresult.nanoThreadSleep=5000
2022-08-24 16:42:29,774 INFO o.a.j.p.h.s.h.LazyLayeredConnectionSocketFactory: Setting up HTTPS TrustAll Socket Factory
2022-08-24 16:42:29,782 INFO o.a.j.u.JsseSSLManager: Using default SSL protocol: TLS
2022-08-24 16:42:29,782 INFO o.a.j.u.JsseSSLManager: SSL session context: per-thread
2022-08-24 16:42:30,902 INFO o.a.j.u.SSLManager: JmeterKeyStore Location:  type JKS
2022-08-24 16:42:30,906 INFO o.a.j.u.SSLManager: KeyStore created OK
2022-08-24 16:42:30,906 WARN o.a.j.u.SSLManager: Keystore file not found, loading empty keystore
2022-08-24 16:42:31,676 INFO o.a.j.r.Summariser: summary +      1 in 00:00:02 =    0.4/s Avg:  1936 Min:  1936 Max:  1936 Err:     0 (0.00%) Active: 1 Started: 1 Finished: 0
2022-08-24 16:43:00,955 INFO o.a.j.r.Summariser: summary +     44 in 00:00:29 =    1.5/s Avg:   664 Min:    24 Max:  8134 Err:     0 (0.00%) Active: 1 Started: 1 Finished: 0
2022-08-24 16:43:00,956 INFO o.a.j.r.Summariser: summary =     45 in 00:00:32 =    1.4/s Avg:   692 Min:    24 Max:  8134 Err:     0 (0.00%)
2022-08-24 16:43:34,113 INFO o.a.j.r.Summariser: summary +     19 in 00:00:33 =    0.6/s Avg:  1744 Min:    32 Max: 10152 Err:     0 (0.00%) Active: 1 Started: 1 Finished: 0
2022-08-24 16:43:34,114 INFO o.a.j.r.Summariser: summary =     64 in 00:01:05 =    1.0/s Avg:  1005 Min:    24 Max: 10152 Err:     0 (0.00%)
2022-08-24 16:44:00,443 INFO o.a.j.r.Summariser: summary +     57 in 00:00:26 =    2.2/s Avg:   461 Min:    23 Max:  8315 Err:     0 (0.00%) Active: 1 Started: 1 Finished: 0
2022-08-24 16:44:00,443 INFO o.a.j.r.Summariser: summary =    121 in 00:01:31 =    1.3/s Avg:   748 Min:    23 Max: 10152 Err:     0 (0.00%)
2022-08-24 16:44:30,030 INFO o.a.j.r.Summariser: summary +     28 in 00:00:30 =    0.9/s Avg:  1056 Min:    23 Max: 10219 Err:     0 (0.00%) Active: 1 Started: 1 Finished: 0
2022-08-24 16:44:30,030 INFO o.a.j.r.Summariser: summary =    149 in 00:02:01 =    1.2/s Avg:   806 Min:    23 Max: 10219 Err:     0 (0.00%)
2022-08-24 16:45:35,033 INFO o.a.j.r.Summariser: summary +     42 in 00:01:05 =    0.6/s Avg:  1547 Min:    24 Max: 10351 Err:     0 (0.00%) Active: 1 Started: 1 Finished: 0
2022-08-24 16:45:35,035 INFO o.a.j.r.Summariser: summary =    191 in 00:03:06 =    1.0/s Avg:   969 Min:    23 Max: 10351 Err:     0 (0.00%)
2022-08-24 16:46:01,203 INFO o.a.j.r.Summariser: summary +      7 in 00:00:26 =    0.3/s Avg:  3737 Min:   111 Max: 12380 Err:     0 (0.00%) Active: 1 Started: 1 Finished: 0
2022-08-24 16:46:01,204 INFO o.a.j.r.Summariser: summary =    198 in 00:03:32 =    0.9/s Avg:  1067 Min:    23 Max: 12380 Err:     0 (0.00%)
2022-08-24 16:46:30,047 INFO o.a.j.r.Summariser: summary +     40 in 00:00:29 =    1.4/s Avg:   720 Min:    22 Max: 10160 Err:     0 (0.00%) Active: 1 Started: 1 Finished: 0
2022-08-24 16:46:30,049 INFO o.a.j.r.Summariser: summary =    238 in 00:04:01 =    1.0/s Avg:  1009 Min:    22 Max: 12380 Err:     0 (0.00%)
2022-08-24 16:47:01,009 INFO o.a.j.r.Summariser: summary +     75 in 00:00:31 =    2.4/s Avg:   412 Min:    19 Max:  6180 Err:     0 (0.00%) Active: 1 Started: 1 Finished: 0
2022-08-24 16:47:01,009 INFO o.a.j.r.Summariser: summary =    313 in 00:04:32 =    1.2/s Avg:   866 Min:    19 Max: 12380 Err:     0 (0.00%)
2022-08-24 16:47:30,299 INFO o.a.j.r.Summariser: summary +     65 in 00:00:29 =    2.2/s Avg:   450 Min:    24 Max: 11487 Err:     0 (0.00%) Active: 1 Started: 1 Finished: 0
2022-08-24 16:47:30,300 INFO o.a.j.r.Summariser: summary =    378 in 00:05:01 =    1.3/s Avg:   794 Min:    19 Max: 12380 Err:     0 (0.00%)
2022-08-24 16:48:05,276 INFO o.a.j.r.Summariser: summary +     10 in 00:00:35 =    0.3/s Avg:  3497 Min:   117 Max: 10255 Err:     0 (0.00%) Active: 1 Started: 1 Finished: 0
2022-08-24 16:48:05,277 INFO o.a.j.r.Summariser: summary =    388 in 00:05:36 =    1.2/s Avg:   864 Min:    19 Max: 12380 Err:     0 (0.00%)
2022-08-24 16:48:32,026 INFO o.a.j.r.Summariser: summary +     27 in 00:00:27 =    1.0/s Avg:   990 Min:    27 Max:  3700 Err:     0 (0.00%) Active: 1 Started: 1 Finished: 0
2022-08-24 16:48:32,027 INFO o.a.j.r.Summariser: summary =    415 in 00:06:03 =    1.1/s Avg:   872 Min:    19 Max: 12380 Err:     0 (0.00%)
2022-08-24 16:49:00,418 INFO o.a.j.r.Summariser: summary +     70 in 00:00:28 =    2.5/s Avg:   405 Min:    20 Max:  3693 Err:     0 (0.00%) Active: 1 Started: 1 Finished: 0
2022-08-24 16:49:00,418 INFO o.a.j.r.Summariser: summary =    485 in 00:06:31 =    1.2/s Avg:   804 Min:    19 Max: 12380 Err:     0 (0.00%)
2022-08-24 16:49:31,239 INFO o.a.j.r.Summariser: summary +     28 in 00:00:31 =    0.9/s Avg:  1100 Min:    33 Max: 10126 Err:     0 (0.00%) Active: 1 Started: 1 Finished: 0
2022-08-24 16:49:31,240 INFO o.a.j.r.Summariser: summary =    513 in 00:07:02 =    1.2/s Avg:   821 Min:    19 Max: 12380 Err:     0 (0.00%)
2022-08-24 16:50:30,453 INFO o.a.j.r.Summariser: summary +     71 in 00:00:59 =    1.2/s Avg:   833 Min:    24 Max: 10140 Err:    10 (14.08%) Active: 1 Started: 1 Finished: 0
2022-08-24 16:50:30,454 INFO o.a.j.r.Summariser: summary =    584 in 00:08:01 =    1.2/s Avg:   822 Min:    19 Max: 12380 Err:    10 (1.71%)
2022-08-24 16:51:00,019 INFO o.a.j.r.Summariser: summary +     67 in 00:00:30 =    2.3/s Avg:   440 Min:    26 Max:  4040 Err:    14 (20.90%) Active: 1 Started: 1 Finished: 0
2022-08-24 16:51:00,020 INFO o.a.j.r.Summariser: summary =    651 in 00:08:31 =    1.3/s Avg:   783 Min:    19 Max: 12380 Err:    24 (3.69%)
2022-08-24 16:51:35,447 INFO o.a.j.r.Summariser: summary +     39 in 00:00:35 =    1.1/s Avg:   908 Min:    30 Max: 10147 Err:     0 (0.00%) Active: 1 Started: 1 Finished: 0
2022-08-24 16:51:35,448 INFO o.a.j.r.Summariser: summary =    690 in 00:09:06 =    1.3/s Avg:   790 Min:    19 Max: 12380 Err:    24 (3.48%)
2022-08-24 16:52:05,329 INFO o.a.j.r.Summariser: summary +     34 in 00:00:30 =    1.1/s Avg:   878 Min:    23 Max: 10139 Err:     0 (0.00%) Active: 1 Started: 1 Finished: 0
2022-08-24 16:52:05,329 INFO o.a.j.r.Summariser: summary =    724 in 00:09:36 =    1.3/s Avg:   794 Min:    19 Max: 12380 Err:    24 (3.31%)
2022-08-24 16:52:32,394 INFO o.a.j.r.Summariser: summary +     40 in 00:00:27 =    1.5/s Avg:   676 Min:    25 Max:  4486 Err:     0 (0.00%) Active: 1 Started: 1 Finished: 0
2022-08-24 16:52:32,394 INFO o.a.j.r.Summariser: summary =    764 in 00:10:03 =    1.3/s Avg:   788 Min:    19 Max: 12380 Err:    24 (3.14%)
2022-08-24 16:53:03,705 INFO o.a.j.r.Summariser: summary +     52 in 00:00:31 =    1.7/s Avg:   601 Min:    25 Max: 10125 Err:     0 (0.00%) Active: 1 Started: 1 Finished: 0
2022-08-24 16:53:03,706 INFO o.a.j.r.Summariser: summary =    816 in 00:10:34 =    1.3/s Avg:   776 Min:    19 Max: 12380 Err:    24 (2.94%)
2022-08-24 16:53:34,335 INFO o.a.j.r.Summariser: summary +     87 in 00:00:31 =    2.8/s Avg:   351 Min:    25 Max:  7566 Err:    28 (32.18%) Active: 1 Started: 1 Finished: 0
2022-08-24 16:53:34,335 INFO o.a.j.r.Summariser: summary =    903 in 00:11:05 =    1.4/s Avg:   735 Min:    19 Max: 12380 Err:    52 (5.76%)
2022-08-24 16:54:00,472 INFO o.a.j.r.Summariser: summary +     38 in 00:00:26 =    1.5/s Avg:   687 Min:    24 Max:  6077 Err:     4 (10.53%) Active: 1 Started: 1 Finished: 0
2022-08-24 16:54:00,472 INFO o.a.j.r.Summariser: summary =    941 in 00:11:31 =    1.4/s Avg:   733 Min:    19 Max: 12380 Err:    56 (5.95%)
2022-08-24 16:54:30,696 INFO o.a.j.r.Summariser: summary +     66 in 00:00:30 =    2.2/s Avg:   457 Min:    22 Max:  3424 Err:    16 (24.24%) Active: 1 Started: 1 Finished: 0
2022-08-24 16:54:30,696 INFO o.a.j.r.Summariser: summary =   1007 in 00:12:01 =    1.4/s Avg:   715 Min:    19 Max: 12380 Err:    72 (7.15%)
2022-08-24 16:55:01,151 INFO o.a.j.r.Summariser: summary +     65 in 00:00:30 =    2.1/s Avg:   468 Min:    25 Max:  6315 Err:    16 (24.62%) Active: 1 Started: 1 Finished: 0
2022-08-24 16:55:01,151 INFO o.a.j.r.Summariser: summary =   1072 in 00:12:32 =    1.4/s Avg:   700 Min:    19 Max: 12380 Err:    88 (8.21%)
2022-08-24 16:56:03,768 INFO o.a.j.r.Summariser: summary +     34 in 00:01:03 =    0.5/s Avg:  1841 Min:    24 Max: 10168 Err:     0 (0.00%) Active: 1 Started: 1 Finished: 0
2022-08-24 16:56:03,768 INFO o.a.j.r.Summariser: summary =   1106 in 00:13:34 =    1.4/s Avg:   735 Min:    19 Max: 12380 Err:    88 (7.96%)
2022-08-24 16:56:30,040 INFO o.a.j.r.Summariser: summary +     46 in 00:00:26 =    1.8/s Avg:   570 Min:    30 Max:  4635 Err:     3 (6.52%) Active: 1 Started: 1 Finished: 0
2022-08-24 16:56:30,041 INFO o.a.j.r.Summariser: summary =   1152 in 00:14:01 =    1.4/s Avg:   729 Min:    19 Max: 12380 Err:    91 (7.90%)
2022-08-24 16:56:40,850 INFO o.a.j.t.JMeterThread: Thread is done: TOOLS 1-1
2022-08-24 16:56:40,850 INFO o.a.j.t.JMeterThread: Thread finished: TOOLS 1-1
2022-08-24 16:56:40,852 INFO o.a.j.e.StandardJMeterEngine: Notifying test listeners of end of test
2022-08-24 16:56:40,853 INFO o.a.j.r.Summariser: summary +     36 in 00:00:11 =    3.3/s Avg:   299 Min:    79 Max:  1382 Err:     8 (22.22%) Active: 0 Started: 1 Finished: 1
2022-08-24 16:56:40,853 INFO o.a.j.r.Summariser: summary =   1188 in 00:14:11 =    1.4/s Avg:   716 Min:    19 Max: 12380 Err:    99 (8.33%)
2022-08-24 16:56:40,854 INFO o.a.j.JMeter: Generating Dashboard
2022-08-24 16:56:40,854 INFO o.a.j.r.d.ReportGenerator: Flushing result collector before report Generation
2022-08-24 16:56:40,872 INFO o.a.j.r.p.NormalizerSampleConsumer: Using format, 'ms', to parse timeStamp field
2022-08-24 16:56:41,060 INFO o.a.j.r.p.AbstractSampleConsumer: class org.apache.jmeter.report.processor.AggregateConsumer#stopProducing(): beginDate produced 0 samples
2022-08-24 16:56:41,061 INFO o.a.j.r.p.AbstractSampleConsumer: class org.apache.jmeter.report.processor.AggregateConsumer#stopProducing(): endDate produced 0 samples
2022-08-24 16:56:41,065 INFO o.a.j.r.p.AbstractSampleConsumer: class org.apache.jmeter.report.processor.ApdexSummaryConsumer#stopProducing(): apdexSummary produced 0 samples
2022-08-24 16:56:41,065 INFO o.a.j.r.p.AbstractSampleConsumer: class org.apache.jmeter.report.processor.RequestsSummaryConsumer#stopProducing(): requestsSummary produced 0 samples
2022-08-24 16:56:41,073 INFO o.a.j.r.p.AbstractSampleConsumer: class org.apache.jmeter.report.processor.StatisticsSummaryConsumer#stopProducing(): statisticsSummary produced 0 samples
2022-08-24 16:56:41,076 INFO o.a.j.r.p.AbstractSampleConsumer: class org.apache.jmeter.report.processor.Top5ErrorsBySamplerConsumer#stopProducing(): top5ErrorsBySampler produced 0 samples
2022-08-24 16:56:41,077 INFO o.a.j.r.p.AbstractSampleConsumer: class org.apache.jmeter.report.processor.ErrorsSummaryConsumer#stopProducing(): errorsSummary produced 0 samples
2022-08-24 16:56:41,077 INFO o.a.j.r.p.AbstractSampleConsumer: class org.apache.jmeter.report.processor.graph.impl.HitsPerSecondGraphConsumer#stopProducing(): hitsPerSecond produced 0 samples
2022-08-24 16:56:41,127 INFO o.a.j.r.p.AbstractSampleConsumer: class org.apache.jmeter.report.processor.graph.impl.LatencyVSRequestGraphConsumer#stopProducing(): latencyVsRequest produced 0 samples
2022-08-24 16:56:41,128 INFO o.a.j.r.p.AbstractSampleConsumer: class org.apache.jmeter.report.processor.graph.impl.SyntheticResponseTimeDistributionGraphConsumer#stopProducing(): syntheticResponseTimeDistribution produced 0 samples
2022-08-24 16:56:41,128 INFO o.a.j.r.p.AbstractSampleConsumer: class org.apache.jmeter.report.processor.graph.impl.BytesThroughputGraphConsumer#stopProducing(): bytesThroughputOverTime produced 0 samples
2022-08-24 16:56:41,128 INFO o.a.j.r.p.AbstractSampleConsumer: class org.apache.jmeter.report.processor.graph.impl.CodesPerSecondGraphConsumer#stopProducing(): codesPerSecond produced 0 samples
2022-08-24 16:56:41,172 INFO o.a.j.r.p.AbstractSampleConsumer: class org.apache.jmeter.report.processor.graph.impl.ResponseTimeVSRequestGraphConsumer#stopProducing(): responseTimeVsRequest produced 0 samples
2022-08-24 16:56:41,172 INFO o.a.j.r.p.AbstractSampleConsumer: class org.apache.jmeter.report.processor.FilterConsumer#stopProducing(): startIntervalControlerFilter produced 8316 samples
2022-08-24 16:56:41,172 INFO o.a.j.r.p.AbstractSampleConsumer: class org.apache.jmeter.report.processor.graph.impl.TotalTPSGraphConsumer#stopProducing(): totalTPS produced 0 samples
2022-08-24 16:56:41,172 INFO o.a.j.r.p.AbstractSampleConsumer: class org.apache.jmeter.report.processor.graph.impl.ActiveThreadsGraphConsumer#stopProducing(): activeThreadsOverTime produced 0 samples
2022-08-24 16:56:41,172 INFO o.a.j.r.p.AbstractSampleConsumer: class org.apache.jmeter.report.processor.graph.impl.TimeVSThreadGraphConsumer#stopProducing(): timeVsThreads produced 0 samples
2022-08-24 16:56:41,335 INFO o.a.j.r.p.AbstractSampleConsumer: class org.apache.jmeter.report.processor.graph.impl.ResponseTimeDistributionGraphConsumer#stopProducing(): responseTimeDistribution produced 0 samples
2022-08-24 16:56:41,374 INFO o.a.j.r.p.AbstractSampleConsumer: class org.apache.jmeter.report.processor.graph.impl.TransactionsPerSecondGraphConsumer#stopProducing(): transactionsPerSecond produced 0 samples
2022-08-24 16:56:41,414 INFO o.a.j.r.p.AbstractSampleConsumer: class org.apache.jmeter.report.processor.graph.impl.ResponseTimePercentilesGraphConsumer#stopProducing(): responseTimePercentiles produced 0 samples
2022-08-24 16:56:41,625 INFO o.a.j.r.p.AbstractSampleConsumer: class org.apache.jmeter.report.processor.graph.impl.ResponseTimePercentilesOverTimeGraphConsumer#stopProducing(): responseTimePercentilesOverTime produced 0 samples
2022-08-24 16:56:41,626 INFO o.a.j.r.p.AbstractSampleConsumer: class org.apache.jmeter.report.processor.graph.impl.ResponseTimeOverTimeGraphConsumer#stopProducing(): responseTimesOverTime produced 0 samples
2022-08-24 16:56:41,661 INFO o.a.j.r.p.AbstractSampleConsumer: class org.apache.jmeter.report.processor.graph.impl.ConnectTimeOverTimeGraphConsumer#stopProducing(): connectTimeOverTime produced 0 samples
2022-08-24 16:56:41,697 INFO o.a.j.r.p.AbstractSampleConsumer: class org.apache.jmeter.report.processor.graph.impl.LatencyOverTimeGraphConsumer#stopProducing(): latenciesOverTime produced 0 samples
2022-08-24 16:56:41,733 INFO o.a.j.r.p.AbstractSampleConsumer: class org.apache.jmeter.report.processor.FilterConsumer#stopProducing(): nameFilter produced 17820 samples
2022-08-24 16:56:41,733 INFO o.a.j.r.p.AbstractSampleConsumer: class org.apache.jmeter.report.processor.FilterConsumer#stopProducing(): dateRangeFilter produced 3564 samples
2022-08-24 16:56:41,733 INFO o.a.j.r.p.AbstractSampleConsumer: class org.apache.jmeter.report.processor.NormalizerSampleConsumer#stopProducing(): normalizer produced 1188 samples
2022-08-24 16:56:41,734 INFO o.a.j.r.p.CsvFileSampleSource: produce(): 1188 samples produced in 842ms on channel 0
2022-08-24 16:56:41,734 INFO o.a.j.r.d.ReportGenerator: Exporting data using exporter:'json' of className:'org.apache.jmeter.report.dashboard.JsonExporter'
2022-08-24 16:56:41,906 INFO o.a.j.r.d.JsonExporter: Found data for consumer statisticsSummary in context
2022-08-24 16:56:41,907 INFO o.a.j.r.d.JsonExporter: Creating statistics for overall
2022-08-24 16:56:41,907 INFO o.a.j.r.d.JsonExporter: Creating statistics for other transactions
2022-08-24 16:56:41,910 INFO o.a.j.r.d.JsonExporter: Checking output folder
2022-08-24 16:56:41,910 INFO o.a.j.r.d.JsonExporter: Writing statistics JSON to /Users/keilamartinez/Documents/Performance-RXP-2/Baseline/TOOLS_RESULTS/2022_08_24_04_42_PM_RXPTestPlan/statistics.json
2022-08-24 16:56:41,979 INFO o.a.j.r.d.ReportGenerator: Exporting data using exporter:'html' of className:'org.apache.jmeter.report.dashboard.HtmlTemplateExporter'
2022-08-24 16:56:41,982 INFO o.a.j.r.d.HtmlTemplateExporter: Will generate dashboard in folder: /Users/keilamartinez/Documents/Performance-RXP-2/Baseline/TOOLS_RESULTS/2022_08_24_04_42_PM_RXPTestPlan
2022-08-24 16:56:42,718 INFO o.a.j.r.d.HtmlTemplateExporter: Report will be generated in: /Users/keilamartinez/Documents/Performance-RXP-2/Baseline/TOOLS_RESULTS/2022_08_24_04_42_PM_RXPTestPlan, creating folder structure
2022-08-24 16:56:42,721 INFO o.a.j.r.d.TemplateVisitor: Copying folder from '/Users/keilamartinez/Documents/apache-jmeter-5.5/bin/report-template' to '/Users/keilamartinez/Documents/Performance-RXP-2/Baseline/TOOLS_RESULTS/2022_08_24_04_42_PM_RXPTestPlan', got message: /Users/keilamartinez/Documents/Performance-RXP-2/Baseline/TOOLS_RESULTS/2022_08_24_04_42_PM_RXPTestPlan, found non empty folder with following content [/Users/keilamartinez/Documents/Performance-RXP-2/Baseline/TOOLS_RESULTS/2022_08_24_04_42_PM_RXPTestPlan/statistics.json], will be ignored
2022-08-24 16:56:43,005 INFO o.a.j.JMeter: Dashboard generated
